<?xml version="1.0" encoding="UTF-8"?>
<testsuite xmlns:xsi="http://www.w3.org/2001/XMLSchema-instance" xsi:noNamespaceSchemaLocation="https://maven.apache.org/surefire/maven-surefire-plugin/xsd/surefire-test-report-3.0.xsd" version="3.0" name="com.sismics.docs.core.listener.async.FileDeletedAsyncListenerTest" time="3.001" tests="2" errors="0" skipped="0" failures="0">
  <properties>
[...]
</properties>
  <testcase name="updateQuotaSizeUnknown" classname="com.sismics.docs.core.listener.async.FileDeletedAsyncListenerTest" time="2.877">
    <system-out><![CDATA[11 May 2026 06:19:51,917 INFO com.sismics.util.jpa.EMF.getEntityManagerProperties(EMF.java:67) Configuring EntityManager from hibernate.properties 
11 May 2026 06:19:52,426 INFO com.sismics.util.jpa.DbOpenHelper.open(DbOpenHelper.java:57) Opening database and executing incremental updates 
11 May 2026 06:19:52,430 INFO com.sismics.util.jpa.DbOpenHelper.open(DbOpenHelper.java:83) Unable to get database version: Table T_CONFIG not found 
11 May 2026 06:19:52,430 INFO com.sismics.util.jpa.DbOpenHelper.open(DbOpenHelper.java:98) Executing initial schema creation script 
11 May 2026 06:19:52,433 INFO com.sismics.util.jpa.DbOpenHelper.executeAllScript(DbOpenHelper.java:142) Executing script: dbupdate-000-0.sql 
11 May 2026 06:19:52,485 INFO com.sismics.util.jpa.DbOpenHelper.executeAllScript(DbOpenHelper.java:142) Executing script: dbupdate-000-1.sql 
11 May 2026 06:19:52,491 INFO com.sismics.util.jpa.DbOpenHelper.open(DbOpenHelper.java:106) Found database version 0, new version is 31, executing database incremental update scripts 
11 May 2026 06:19:52,493 INFO com.sismics.util.jpa.DbOpenHelper.executeAllScript(DbOpenHelper.java:142) Executing script: dbupdate-001-0.sql 
11 May 2026 06:19:52,517 INFO com.sismics.util.jpa.DbOpenHelper.executeAllScript(DbOpenHelper.java:142) Executing script: dbupdate-002-0.sql 
11 May 2026 06:19:52,521 INFO com.sismics.util.jpa.DbOpenHelper.executeAllScript(DbOpenHelper.java:142) Executing script: dbupdate-003-0.sql 
11 May 2026 06:19:52,527 INFO com.sismics.util.jpa.DbOpenHelper.executeAllScript(DbOpenHelper.java:142) Executing script: dbupdate-004-0.sql 
11 May 2026 06:19:52,540 INFO com.sismics.util.jpa.DbOpenHelper.executeAllScript(DbOpenHelper.java:142) Executing script: dbupdate-005-0.sql 
11 May 2026 06:19:52,541 INFO com.sismics.util.jpa.DbOpenHelper.executeAllScript(DbOpenHelper.java:142) Executing script: dbupdate-006-0.sql 
11 May 2026 06:19:52,598 INFO com.sismics.util.jpa.DbOpenHelper.executeAllScript(DbOpenHelper.java:142) Executing script: dbupdate-007-0.sql 
11 May 2026 06:19:52,601 INFO com.sismics.util.jpa.DbOpenHelper.executeAllScript(DbOpenHelper.java:142) Executing script: dbupdate-008-0.sql 
11 May 2026 06:19:52,604 INFO com.sismics.util.jpa.DbOpenHelper.executeAllScript(DbOpenHelper.java:142) Executing script: dbupdate-009-0.sql 
11 May 2026 06:19:52,608 INFO com.sismics.util.jpa.DbOpenHelper.executeAllScript(DbOpenHelper.java:142) Executing script: dbupdate-010-0.sql 
11 May 2026 06:19:52,609 INFO com.sismics.util.jpa.DbOpenHelper.executeAllScript(DbOpenHelper.java:142) Executing script: dbupdate-011-0.sql 
11 May 2026 06:19:52,612 INFO com.sismics.util.jpa.DbOpenHelper.executeAllScript(DbOpenHelper.java:142) Executing script: dbupdate-012-0.sql 
11 May 2026 06:19:52,616 INFO com.sismics.util.jpa.DbOpenHelper.executeAllScript(DbOpenHelper.java:142) Executing script: dbupdate-013-0.sql 
11 May 2026 06:19:52,619 INFO com.sismics.util.jpa.DbOpenHelper.executeAllScript(DbOpenHelper.java:142) Executing script: dbupdate-014-0.sql 
11 May 2026 06:19:52,623 INFO com.sismics.util.jpa.DbOpenHelper.executeAllScript(DbOpenHelper.java:142) Executing script: dbupdate-015-0.sql 
11 May 2026 06:19:52,629 INFO com.sismics.util.jpa.DbOpenHelper.executeAllScript(DbOpenHelper.java:142) Executing script: dbupdate-016-0.sql 
11 May 2026 06:19:52,632 INFO com.sismics.util.jpa.DbOpenHelper.executeAllScript(DbOpenHelper.java:142) Executing script: dbupdate-017-0.sql 
11 May 2026 06:19:52,633 INFO com.sismics.util.jpa.DbOpenHelper.executeAllScript(DbOpenHelper.java:142) Executing script: dbupdate-018-0.sql 
11 May 2026 06:19:52,647 INFO com.sismics.util.jpa.DbOpenHelper.executeAllScript(DbOpenHelper.java:142) Executing script: dbupdate-019-0.sql 
11 May 2026 06:19:52,648 INFO com.sismics.util.jpa.DbOpenHelper.executeAllScript(DbOpenHelper.java:142) Executing script: dbupdate-020-0.sql 
11 May 2026 06:19:52,650 INFO com.sismics.util.jpa.DbOpenHelper.executeAllScript(DbOpenHelper.java:142) Executing script: dbupdate-021-0.sql 
11 May 2026 06:19:52,656 INFO com.sismics.util.jpa.DbOpenHelper.executeAllScript(DbOpenHelper.java:142) Executing script: dbupdate-022-0.sql 
11 May 2026 06:19:52,663 INFO com.sismics.util.jpa.DbOpenHelper.executeAllScript(DbOpenHelper.java:142) Executing script: dbupdate-023-0.sql 
11 May 2026 06:19:52,668 INFO com.sismics.util.jpa.DbOpenHelper.executeAllScript(DbOpenHelper.java:142) Executing script: dbupdate-024-0.sql 
11 May 2026 06:19:52,669 INFO com.sismics.util.jpa.DbOpenHelper.executeAllScript(DbOpenHelper.java:142) Executing script: dbupdate-025-0.sql 
11 May 2026 06:19:52,673 INFO com.sismics.util.jpa.DbOpenHelper.executeAllScript(DbOpenHelper.java:142) Executing script: dbupdate-026-0.sql 
11 May 2026 06:19:52,673 INFO com.sismics.util.jpa.DbOpenHelper.executeAllScript(DbOpenHelper.java:142) Executing script: dbupdate-027-0.sql 
11 May 2026 06:19:52,674 INFO com.sismics.util.jpa.DbOpenHelper.executeAllScript(DbOpenHelper.java:142) Executing script: dbupdate-028-0.sql 
11 May 2026 06:19:52,674 INFO com.sismics.util.jpa.DbOpenHelper.executeAllScript(DbOpenHelper.java:142) Executing script: dbupdate-029-0.sql 
11 May 2026 06:19:52,677 INFO com.sismics.util.jpa.DbOpenHelper.executeAllScript(DbOpenHelper.java:142) Executing script: dbupdate-030-0.sql 
11 May 2026 06:19:52,677 INFO com.sismics.util.jpa.DbOpenHelper.executeAllScript(DbOpenHelper.java:142) Executing script: dbupdate-031-0.sql 
11 May 2026 06:19:52,679 INFO com.sismics.util.jpa.DbOpenHelper.open(DbOpenHelper.java:108) Database upgrade complete 
11 May 2026 06:19:52,679 INFO com.sismics.util.jpa.EMF.getEntityManagerProperties(EMF.java:67) Configuring EntityManager from hibernate.properties 
Hibernate: select u1_0.USE_ID_C,u1_0.USE_CREATEDATE_D,u1_0.USE_DELETEDATE_D,u1_0.USE_DISABLEDATE_D,u1_0.USE_EMAIL_C,u1_0.USE_ONBOARDING_B,u1_0.USE_PASSWORD_C,u1_0.USE_PRIVATEKEY_C,u1_0.USE_IDROLE_C,u1_0.USE_STORAGECURRENT_N,u1_0.USE_STORAGEQUOTA_N,u1_0.USE_TOTPKEY_C,u1_0.USE_USERNAME_C from T_USER u1_0 where u1_0.USE_USERNAME_C=? and u1_0.USE_DELETEDATE_D is null
Hibernate: insert into T_USER (USE_CREATEDATE_D,USE_DELETEDATE_D,USE_DISABLEDATE_D,USE_EMAIL_C,USE_ONBOARDING_B,USE_PASSWORD_C,USE_PRIVATEKEY_C,USE_IDROLE_C,USE_STORAGECURRENT_N,USE_STORAGEQUOTA_N,USE_TOTPKEY_C,USE_USERNAME_C,USE_ID_C) values (?,?,?,?,?,?,?,?,?,?,?,?,?)
Hibernate: insert into T_AUDIT_LOG (LOG_CREATEDATE_D,LOG_CLASSENTITY_C,LOG_IDENTITY_C,LOG_MESSAGE_C,LOG_TYPE_C,LOG_IDUSER_C,LOG_ID_C) values (?,?,?,?,?,?,?)
Hibernate: insert into T_FILE (FIL_CONTENT_C,FIL_CREATEDATE_D,FIL_DELETEDATE_D,FIL_IDDOC_C,FIL_LATESTVERSION_B,FIL_MIMETYPE_C,FIL_NAME_C,FIL_ORDER_N,FIL_SIZE_N,FIL_IDUSER_C,FIL_VERSION_N,FIL_IDVERSION_C,FIL_ID_C) values (?,?,?,?,?,?,?,?,?,?,?,?,?)
Hibernate: insert into T_AUDIT_LOG (LOG_CREATEDATE_D,LOG_CLASSENTITY_C,LOG_IDENTITY_C,LOG_MESSAGE_C,LOG_TYPE_C,LOG_IDUSER_C,LOG_ID_C) values (?,?,?,?,?,?,?)
Hibernate: select u1_0.USE_ID_C,u1_0.USE_CREATEDATE_D,u1_0.USE_DELETEDATE_D,u1_0.USE_DISABLEDATE_D,u1_0.USE_EMAIL_C,u1_0.USE_ONBOARDING_B,u1_0.USE_PASSWORD_C,u1_0.USE_PRIVATEKEY_C,u1_0.USE_IDROLE_C,u1_0.USE_STORAGECURRENT_N,u1_0.USE_STORAGEQUOTA_N,u1_0.USE_TOTPKEY_C,u1_0.USE_USERNAME_C from T_USER u1_0 where u1_0.USE_ID_C=?
Hibernate: update T_USER set USE_CREATEDATE_D=?,USE_DELETEDATE_D=?,USE_DISABLEDATE_D=?,USE_EMAIL_C=?,USE_ONBOARDING_B=?,USE_PASSWORD_C=?,USE_PRIVATEKEY_C=?,USE_IDROLE_C=?,USE_STORAGECURRENT_N=?,USE_STORAGEQUOTA_N=?,USE_TOTPKEY_C=?,USE_USERNAME_C=? where USE_ID_C=?
Hibernate: select u1_0.USE_ID_C,u1_0.USE_CREATEDATE_D,u1_0.USE_DELETEDATE_D,u1_0.USE_DISABLEDATE_D,u1_0.USE_EMAIL_C,u1_0.USE_ONBOARDING_B,u1_0.USE_PASSWORD_C,u1_0.USE_PRIVATEKEY_C,u1_0.USE_IDROLE_C,u1_0.USE_STORAGECURRENT_N,u1_0.USE_STORAGEQUOTA_N,u1_0.USE_TOTPKEY_C,u1_0.USE_USERNAME_C from T_USER u1_0 where u1_0.USE_ID_C=? and u1_0.USE_DELETEDATE_D is null
11 May 2026 06:19:54,218 INFO com.sismics.docs.core.listener.async.FileDeletedAsyncListener.on(FileDeletedAsyncListener.java:36) File deleted event: FileDeletedAsyncEvent{fileId=eef3d964-23b1-4936-a386-60e0b2154d45, fileSize=7907} 
Hibernate: select u1_0.USE_ID_C,u1_0.USE_CREATEDATE_D,u1_0.USE_DELETEDATE_D,u1_0.USE_DISABLEDATE_D,u1_0.USE_EMAIL_C,u1_0.USE_ONBOARDING_B,u1_0.USE_PASSWORD_C,u1_0.USE_PRIVATEKEY_C,u1_0.USE_IDROLE_C,u1_0.USE_STORAGECURRENT_N,u1_0.USE_STORAGEQUOTA_N,u1_0.USE_TOTPKEY_C,u1_0.USE_USERNAME_C from T_USER u1_0 where u1_0.USE_ID_C=?
Hibernate: update T_USER set USE_CREATEDATE_D=?,USE_DELETEDATE_D=?,USE_DISABLEDATE_D=?,USE_EMAIL_C=?,USE_ONBOARDING_B=?,USE_PASSWORD_C=?,USE_PRIVATEKEY_C=?,USE_IDROLE_C=?,USE_STORAGECURRENT_N=?,USE_STORAGEQUOTA_N=?,USE_TOTPKEY_C=?,USE_USERNAME_C=? where USE_ID_C=?
Hibernate: select u1_0.USE_ID_C,u1_0.USE_CREATEDATE_D,u1_0.USE_DELETEDATE_D,u1_0.USE_DISABLEDATE_D,u1_0.USE_EMAIL_C,u1_0.USE_ONBOARDING_B,u1_0.USE_PASSWORD_C,u1_0.USE_PRIVATEKEY_C,u1_0.USE_IDROLE_C,u1_0.USE_STORAGECURRENT_N,u1_0.USE_STORAGEQUOTA_N,u1_0.USE_TOTPKEY_C,u1_0.USE_USERNAME_C from T_USER u1_0 where u1_0.USE_ID_C=? and u1_0.USE_DELETEDATE_D is null
11 May 2026 06:19:54,524 INFO com.sismics.util.ClasspathScanner.findClasses(ClasspathScanner.java:48) Found 1 classes for IndexingHandler 
Hibernate: select c1_0.CFG_ID_C,c1_0.CFG_VALUE_C from T_CONFIG c1_0 where c1_0.CFG_ID_C=?
11 May 2026 06:19:54,537 INFO com.sismics.docs.core.util.indexing.LuceneIndexingHandler.initLucene(LuceneIndexingHandler.java:129) Using RAM Lucene storage 
11 May 2026 06:19:54,623 INFO com.sismics.docs.core.service.FileService.startUp(FileService.java:39) File service starting up 
11 May 2026 06:19:54,624 INFO com.sismics.docs.core.service.InboxService.startUp(InboxService.java:52) Inbox service starting up 
Hibernate: select c1_0.CFG_ID_C,c1_0.CFG_VALUE_C from T_CONFIG c1_0 where c1_0.CFG_ID_C=?
11 May 2026 06:19:54,627 INFO com.sismics.docs.core.service.FileSizeService.startUp(FileSizeService.java:30) File size service starting up 
Hibernate: select f1_0.FIL_ID_C,f1_0.FIL_CONTENT_C,f1_0.FIL_CREATEDATE_D,f1_0.FIL_DELETEDATE_D,f1_0.FIL_IDDOC_C,f1_0.FIL_LATESTVERSION_B,f1_0.FIL_MIMETYPE_C,f1_0.FIL_NAME_C,f1_0.FIL_ORDER_N,f1_0.FIL_SIZE_N,f1_0.FIL_IDUSER_C,f1_0.FIL_VERSION_N,f1_0.FIL_IDVERSION_C from T_FILE f1_0 where f1_0.FIL_SIZE_N=? and f1_0.FIL_DELETEDATE_D is null order by f1_0.FIL_ORDER_N fetch first ? rows only
Hibernate: select u1_0.USE_ID_C,u1_0.USE_CREATEDATE_D,u1_0.USE_DELETEDATE_D,u1_0.USE_DISABLEDATE_D,u1_0.USE_EMAIL_C,u1_0.USE_ONBOARDING_B,u1_0.USE_PASSWORD_C,u1_0.USE_PRIVATEKEY_C,u1_0.USE_IDROLE_C,u1_0.USE_STORAGECURRENT_N,u1_0.USE_STORAGEQUOTA_N,u1_0.USE_TOTPKEY_C,u1_0.USE_USERNAME_C from T_USER u1_0 where u1_0.USE_ID_C=?
11 May 2026 06:19:54,645 INFO com.sismics.docs.core.service.FileSizeService.lambda$runOneIteration$0(FileSizeService.java:50) No more file to process, stopping the service 
11 May 2026 06:19:54,646 INFO com.sismics.docs.core.service.FileSizeService.shutDown(FileSizeService.java:35) File size service shutting down 
Hibernate: select u1_0.USE_ID_C,u1_0.USE_CREATEDATE_D,u1_0.USE_DELETEDATE_D,u1_0.USE_DISABLEDATE_D,u1_0.USE_EMAIL_C,u1_0.USE_ONBOARDING_B,u1_0.USE_PASSWORD_C,u1_0.USE_PRIVATEKEY_C,u1_0.USE_IDROLE_C,u1_0.USE_STORAGECURRENT_N,u1_0.USE_STORAGEQUOTA_N,u1_0.USE_TOTPKEY_C,u1_0.USE_USERNAME_C from T_USER u1_0 where u1_0.USE_ID_C=?
]]></system-out>
  </testcase>
  <testcase name="updateQuotaSizeKnown" classname="com.sismics.docs.core.listener.async.FileDeletedAsyncListenerTest" time="0.078">
    <system-out><![CDATA[Hibernate: select u1_0.USE_ID_C,u1_0.USE_CREATEDATE_D,u1_0.USE_DELETEDATE_D,u1_0.USE_DISABLEDATE_D,u1_0.USE_EMAIL_C,u1_0.USE_ONBOARDING_B,u1_0.USE_PASSWORD_C,u1_0.USE_PRIVATEKEY_C,u1_0.USE_IDROLE_C,u1_0.USE_STORAGECURRENT_N,u1_0.USE_STORAGEQUOTA_N,u1_0.USE_TOTPKEY_C,u1_0.USE_USERNAME_C from T_USER u1_0 where u1_0.USE_USERNAME_C=? and u1_0.USE_DELETEDATE_D is null
Hibernate: insert into T_USER (USE_CREATEDATE_D,USE_DELETEDATE_D,USE_DISABLEDATE_D,USE_EMAIL_C,USE_ONBOARDING_B,USE_PASSWORD_C,USE_PRIVATEKEY_C,USE_IDROLE_C,USE_STORAGECURRENT_N,USE_STORAGEQUOTA_N,USE_TOTPKEY_C,USE_USERNAME_C,USE_ID_C) values (?,?,?,?,?,?,?,?,?,?,?,?,?)
Hibernate: insert into T_AUDIT_LOG (LOG_CREATEDATE_D,LOG_CLASSENTITY_C,LOG_IDENTITY_C,LOG_MESSAGE_C,LOG_TYPE_C,LOG_IDUSER_C,LOG_ID_C) values (?,?,?,?,?,?,?)
Hibernate: insert into T_FILE (FIL_CONTENT_C,FIL_CREATEDATE_D,FIL_DELETEDATE_D,FIL_IDDOC_C,FIL_LATESTVERSION_B,FIL_MIMETYPE_C,FIL_NAME_C,FIL_ORDER_N,FIL_SIZE_N,FIL_IDUSER_C,FIL_VERSION_N,FIL_IDVERSION_C,FIL_ID_C) values (?,?,?,?,?,?,?,?,?,?,?,?,?)
Hibernate: insert into T_AUDIT_LOG (LOG_CREATEDATE_D,LOG_CLASSENTITY_C,LOG_IDENTITY_C,LOG_MESSAGE_C,LOG_TYPE_C,LOG_IDUSER_C,LOG_ID_C) values (?,?,?,?,?,?,?)
Hibernate: select u1_0.USE_ID_C,u1_0.USE_CREATEDATE_D,u1_0.USE_DELETEDATE_D,u1_0.USE_DISABLEDATE_D,u1_0.USE_EMAIL_C,u1_0.USE_ONBOARDING_B,u1_0.USE_PASSWORD_C,u1_0.USE_PRIVATEKEY_C,u1_0.USE_IDROLE_C,u1_0.USE_STORAGECURRENT_N,u1_0.USE_STORAGEQUOTA_N,u1_0.USE_TOTPKEY_C,u1_0.USE_USERNAME_C from T_USER u1_0 where u1_0.USE_ID_C=?
Hibernate: update T_USER set USE_CREATEDATE_D=?,USE_DELETEDATE_D=?,USE_DISABLEDATE_D=?,USE_EMAIL_C=?,USE_ONBOARDING_B=?,USE_PASSWORD_C=?,USE_PRIVATEKEY_C=?,USE_IDROLE_C=?,USE_STORAGECURRENT_N=?,USE_STORAGEQUOTA_N=?,USE_TOTPKEY_C=?,USE_USERNAME_C=? where USE_ID_C=?
Hibernate: select u1_0.USE_ID_C,u1_0.USE_CREATEDATE_D,u1_0.USE_DELETEDATE_D,u1_0.USE_DISABLEDATE_D,u1_0.USE_EMAIL_C,u1_0.USE_ONBOARDING_B,u1_0.USE_PASSWORD_C,u1_0.USE_PRIVATEKEY_C,u1_0.USE_IDROLE_C,u1_0.USE_STORAGECURRENT_N,u1_0.USE_STORAGEQUOTA_N,u1_0.USE_TOTPKEY_C,u1_0.USE_USERNAME_C from T_USER u1_0 where u1_0.USE_ID_C=? and u1_0.USE_DELETEDATE_D is null
11 May 2026 06:19:54,817 INFO com.sismics.docs.core.listener.async.FileDeletedAsyncListener.on(FileDeletedAsyncListener.java:36) File deleted event: FileDeletedAsyncEvent{fileId=4f66f830-aa23-4aeb-875f-a9c757eb2b56, fileSize=7907} 
Hibernate: select u1_0.USE_ID_C,u1_0.USE_CREATEDATE_D,u1_0.USE_DELETEDATE_D,u1_0.USE_DISABLEDATE_D,u1_0.USE_EMAIL_C,u1_0.USE_ONBOARDING_B,u1_0.USE_PASSWORD_C,u1_0.USE_PRIVATEKEY_C,u1_0.USE_IDROLE_C,u1_0.USE_STORAGECURRENT_N,u1_0.USE_STORAGEQUOTA_N,u1_0.USE_TOTPKEY_C,u1_0.USE_USERNAME_C from T_USER u1_0 where u1_0.USE_ID_C=?
Hibernate: update T_USER set USE_CREATEDATE_D=?,USE_DELETEDATE_D=?,USE_DISABLEDATE_D=?,USE_EMAIL_C=?,USE_ONBOARDING_B=?,USE_PASSWORD_C=?,USE_PRIVATEKEY_C=?,USE_IDROLE_C=?,USE_STORAGECURRENT_N=?,USE_STORAGEQUOTA_N=?,USE_TOTPKEY_C=?,USE_USERNAME_C=? where USE_ID_C=?
Hibernate: select u1_0.USE_ID_C,u1_0.USE_CREATEDATE_D,u1_0.USE_DELETEDATE_D,u1_0.USE_DISABLEDATE_D,u1_0.USE_EMAIL_C,u1_0.USE_ONBOARDING_B,u1_0.USE_PASSWORD_C,u1_0.USE_PRIVATEKEY_C,u1_0.USE_IDROLE_C,u1_0.USE_STORAGECURRENT_N,u1_0.USE_STORAGEQUOTA_N,u1_0.USE_TOTPKEY_C,u1_0.USE_USERNAME_C from T_USER u1_0 where u1_0.USE_ID_C=? and u1_0.USE_DELETEDATE_D is null
Hibernate: select u1_0.USE_ID_C,u1_0.USE_CREATEDATE_D,u1_0.USE_DELETEDATE_D,u1_0.USE_DISABLEDATE_D,u1_0.USE_EMAIL_C,u1_0.USE_ONBOARDING_B,u1_0.USE_PASSWORD_C,u1_0.USE_PRIVATEKEY_C,u1_0.USE_IDROLE_C,u1_0.USE_STORAGECURRENT_N,u1_0.USE_STORAGEQUOTA_N,u1_0.USE_TOTPKEY_C,u1_0.USE_USERNAME_C from T_USER u1_0 where u1_0.USE_ID_C=?
]]></system-out>
  </testcase>
</testsuite>