<?xml version="1.0" encoding="UTF-8"?>
<testsuite xmlns:xsi="http://www.w3.org/2001/XMLSchema-instance" xsi:noNamespaceSchemaLocation="https://maven.apache.org/surefire/maven-surefire-plugin/xsd/surefire-test-report-3.0.xsd" version="3.0" name="com.sismics.docs.core.util.TestFileUtil" time="16.08" tests="6" errors="0" skipped="0" failures="1">
  <properties>
[...]
</properties>
  <testcase name="extractContentOfficeDocumentTest" classname="com.sismics.docs.core.util.TestFileUtil" time="1.941">
    <system-out><![CDATA[11 May 2026 06:19:55,964 INFO com.sismics.util.ClasspathScanner.findClasses(ClasspathScanner.java:48) Found 7 classes for FormatHandler 
11 May 2026 06:19:56,298 INFO com.sismics.util.ClasspathScanner.findClasses(ClasspathScanner.java:48) Found 1 classes for IndexingHandler 
11 May 2026 06:19:56,305 INFO com.sismics.docs.core.util.indexing.LuceneIndexingHandler.initLucene(LuceneIndexingHandler.java:129) Using RAM Lucene storage 
11 May 2026 06:19:56,368 INFO com.sismics.docs.core.service.FileService.startUp(FileService.java:39) File service starting up 
11 May 2026 06:19:56,370 INFO com.sismics.docs.core.service.InboxService.startUp(InboxService.java:52) Inbox service starting up 
11 May 2026 06:19:56,370 INFO com.sismics.docs.core.service.FileSizeService.startUp(FileSizeService.java:30) File size service starting up 
11 May 2026 06:19:56,380 INFO com.sismics.util.jpa.EMF.getEntityManagerProperties(EMF.java:67) Configuring EntityManager from hibernate.properties 
11 May 2026 06:19:57,043 INFO com.sismics.util.jpa.DbOpenHelper.open(DbOpenHelper.java:57) Opening database and executing incremental updates 
11 May 2026 06:19:57,043 INFO com.sismics.util.jpa.DbOpenHelper.open(DbOpenHelper.java:83) Unable to get database version: Table T_CONFIG not found 
11 May 2026 06:19:57,043 INFO com.sismics.util.jpa.DbOpenHelper.open(DbOpenHelper.java:98) Executing initial schema creation script 
11 May 2026 06:19:57,045 INFO com.sismics.util.jpa.DbOpenHelper.executeAllScript(DbOpenHelper.java:142) Executing script: dbupdate-000-0.sql 
11 May 2026 06:19:57,111 INFO com.sismics.util.jpa.DbOpenHelper.executeAllScript(DbOpenHelper.java:142) Executing script: dbupdate-000-1.sql 
11 May 2026 06:19:57,121 INFO com.sismics.util.jpa.DbOpenHelper.open(DbOpenHelper.java:106) Found database version 0, new version is 31, executing database incremental update scripts 
11 May 2026 06:19:57,122 INFO com.sismics.util.jpa.DbOpenHelper.executeAllScript(DbOpenHelper.java:142) Executing script: dbupdate-001-0.sql 
11 May 2026 06:19:57,156 INFO com.sismics.util.jpa.DbOpenHelper.executeAllScript(DbOpenHelper.java:142) Executing script: dbupdate-002-0.sql 
11 May 2026 06:19:57,160 INFO com.sismics.util.jpa.DbOpenHelper.executeAllScript(DbOpenHelper.java:142) Executing script: dbupdate-003-0.sql 
11 May 2026 06:19:57,171 INFO com.sismics.util.jpa.DbOpenHelper.executeAllScript(DbOpenHelper.java:142) Executing script: dbupdate-004-0.sql 
11 May 2026 06:19:57,191 INFO com.sismics.util.jpa.DbOpenHelper.executeAllScript(DbOpenHelper.java:142) Executing script: dbupdate-005-0.sql 
11 May 2026 06:19:57,192 INFO com.sismics.util.jpa.DbOpenHelper.executeAllScript(DbOpenHelper.java:142) Executing script: dbupdate-006-0.sql 
11 May 2026 06:19:57,278 INFO com.sismics.util.jpa.DbOpenHelper.executeAllScript(DbOpenHelper.java:142) Executing script: dbupdate-007-0.sql 
11 May 2026 06:19:57,279 INFO com.sismics.util.jpa.DbOpenHelper.executeAllScript(DbOpenHelper.java:142) Executing script: dbupdate-008-0.sql 
11 May 2026 06:19:57,283 INFO com.sismics.util.jpa.DbOpenHelper.executeAllScript(DbOpenHelper.java:142) Executing script: dbupdate-009-0.sql 
11 May 2026 06:19:57,287 INFO com.sismics.util.jpa.DbOpenHelper.executeAllScript(DbOpenHelper.java:142) Executing script: dbupdate-010-0.sql 
11 May 2026 06:19:57,292 INFO com.sismics.util.jpa.DbOpenHelper.executeAllScript(DbOpenHelper.java:142) Executing script: dbupdate-011-0.sql 
11 May 2026 06:19:57,293 INFO com.sismics.util.jpa.DbOpenHelper.executeAllScript(DbOpenHelper.java:142) Executing script: dbupdate-012-0.sql 
11 May 2026 06:19:57,301 INFO com.sismics.util.jpa.DbOpenHelper.executeAllScript(DbOpenHelper.java:142) Executing script: dbupdate-013-0.sql 
11 May 2026 06:19:57,301 INFO com.sismics.util.jpa.DbOpenHelper.executeAllScript(DbOpenHelper.java:142) Executing script: dbupdate-014-0.sql 
11 May 2026 06:19:57,306 INFO com.sismics.util.jpa.DbOpenHelper.executeAllScript(DbOpenHelper.java:142) Executing script: dbupdate-015-0.sql 
11 May 2026 06:19:57,314 INFO com.sismics.util.jpa.DbOpenHelper.executeAllScript(DbOpenHelper.java:142) Executing script: dbupdate-016-0.sql 
11 May 2026 06:19:57,319 INFO com.sismics.util.jpa.DbOpenHelper.executeAllScript(DbOpenHelper.java:142) Executing script: dbupdate-017-0.sql 
11 May 2026 06:19:57,320 INFO com.sismics.util.jpa.DbOpenHelper.executeAllScript(DbOpenHelper.java:142) Executing script: dbupdate-018-0.sql 
11 May 2026 06:19:57,333 INFO com.sismics.util.jpa.DbOpenHelper.executeAllScript(DbOpenHelper.java:142) Executing script: dbupdate-019-0.sql 
11 May 2026 06:19:57,335 INFO com.sismics.util.jpa.DbOpenHelper.executeAllScript(DbOpenHelper.java:142) Executing script: dbupdate-020-0.sql 
11 May 2026 06:19:57,337 INFO com.sismics.util.jpa.DbOpenHelper.executeAllScript(DbOpenHelper.java:142) Executing script: dbupdate-021-0.sql 
11 May 2026 06:19:57,342 INFO com.sismics.util.jpa.DbOpenHelper.executeAllScript(DbOpenHelper.java:142) Executing script: dbupdate-022-0.sql 
11 May 2026 06:19:57,348 INFO com.sismics.util.jpa.DbOpenHelper.executeAllScript(DbOpenHelper.java:142) Executing script: dbupdate-023-0.sql 
11 May 2026 06:19:57,352 INFO com.sismics.util.jpa.DbOpenHelper.executeAllScript(DbOpenHelper.java:142) Executing script: dbupdate-024-0.sql 
11 May 2026 06:19:57,356 INFO com.sismics.util.jpa.DbOpenHelper.executeAllScript(DbOpenHelper.java:142) Executing script: dbupdate-025-0.sql 
11 May 2026 06:19:57,356 INFO com.sismics.util.jpa.DbOpenHelper.executeAllScript(DbOpenHelper.java:142) Executing script: dbupdate-026-0.sql 
11 May 2026 06:19:57,356 INFO com.sismics.util.jpa.DbOpenHelper.executeAllScript(DbOpenHelper.java:142) Executing script: dbupdate-027-0.sql 
11 May 2026 06:19:57,357 INFO com.sismics.util.jpa.DbOpenHelper.executeAllScript(DbOpenHelper.java:142) Executing script: dbupdate-028-0.sql 
11 May 2026 06:19:57,358 INFO com.sismics.util.jpa.DbOpenHelper.executeAllScript(DbOpenHelper.java:142) Executing script: dbupdate-029-0.sql 
11 May 2026 06:19:57,361 INFO com.sismics.util.jpa.DbOpenHelper.executeAllScript(DbOpenHelper.java:142) Executing script: dbupdate-030-0.sql 
11 May 2026 06:19:57,362 INFO com.sismics.util.jpa.DbOpenHelper.executeAllScript(DbOpenHelper.java:142) Executing script: dbupdate-031-0.sql 
11 May 2026 06:19:57,362 INFO com.sismics.util.jpa.DbOpenHelper.open(DbOpenHelper.java:108) Database upgrade complete 
11 May 2026 06:19:57,362 INFO com.sismics.util.jpa.EMF.getEntityManagerProperties(EMF.java:67) Configuring EntityManager from hibernate.properties 
11 May 2026 06:19:57,571 DEBUG org.apache.fontbox.ttf.GlyphSubstitutionTable.readLookupTable(GlyphSubstitutionTable.java:265) Type 4 GSUB lookup table is not supported and will be ignored 
11 May 2026 06:19:57,571 DEBUG org.apache.fontbox.ttf.GlyphSubstitutionTable.readLookupTable(GlyphSubstitutionTable.java:265) Type 4 GSUB lookup table is not supported and will be ignored 
11 May 2026 06:19:57,571 DEBUG org.apache.fontbox.ttf.GlyphSubstitutionTable.readLookupTable(GlyphSubstitutionTable.java:265) Type 6 GSUB lookup table is not supported and will be ignored 
11 May 2026 06:19:57,571 DEBUG org.apache.fontbox.ttf.GlyphSubstitutionTable.readLookupTable(GlyphSubstitutionTable.java:265) Type 4 GSUB lookup table is not supported and will be ignored 
11 May 2026 06:19:57,571 DEBUG org.apache.fontbox.ttf.GlyphSubstitutionTable.readLookupTable(GlyphSubstitutionTable.java:265) Type 4 GSUB lookup table is not supported and will be ignored 
11 May 2026 06:19:57,580 DEBUG org.apache.fontbox.util.autodetect.FontFileFinder.walk(FontFileFinder.java:136) checkFontfile check /usr/share/fonts/cmap/Identity-H 
11 May 2026 06:19:57,580 DEBUG org.apache.fontbox.util.autodetect.FontFileFinder.walk(FontFileFinder.java:136) checkFontfile check /usr/share/fonts/cmap/Identity-V 
11 May 2026 06:19:57,582 DEBUG org.apache.fontbox.util.autodetect.FontFileFinder.walk(FontFileFinder.java:136) checkFontfile check /usr/share/fonts/cmap/adobe-japan1/H 
11 May 2026 06:19:57,582 DEBUG org.apache.fontbox.util.autodetect.FontFileFinder.walk(FontFileFinder.java:136) checkFontfile check /usr/share/fonts/cmap/adobe-japan1/UniJIS2004-UTF16-V 
11 May 2026 06:19:57,582 DEBUG org.apache.fontbox.util.autodetect.FontFileFinder.walk(FontFileFinder.java:136) checkFontfile check /usr/share/fonts/cmap/adobe-japan1/RKSJ-V 
11 May 2026 06:19:57,582 DEBUG org.apache.fontbox.util.autodetect.FontFileFinder.walk(FontFileFinder.java:136) checkFontfile check /usr/share/fonts/cmap/adobe-japan1/Adobe-Japan1-3 
11 May 2026 06:19:57,583 DEBUG org.apache.fontbox.util.autodetect.FontFileFinder.walk(FontFileFinder.java:136) checkFontfile check /usr/share/fonts/cmap/adobe-japan1/UniJISX02132004-UTF32-V 
11 May 2026 06:19:57,583 DEBUG org.apache.fontbox.util.autodetect.FontFileFinder.walk(FontFileFinder.java:136) checkFontfile check /usr/share/fonts/cmap/adobe-japan1/UniJIS2004-UTF32-V 
11 May 2026 06:19:57,583 DEBUG org.apache.fontbox.util.autodetect.FontFileFinder.walk(FontFileFinder.java:136) checkFontfile check /usr/share/fonts/cmap/adobe-japan1/UniHojo-UTF16-H 
11 May 2026 06:19:57,583 DEBUG org.apache.fontbox.util.autodetect.FontFileFinder.walk(FontFileFinder.java:136) checkFontfile check /usr/share/fonts/cmap/adobe-japan1/UniJISX02132004-UTF32-H 
11 May 2026 06:19:57,583 DEBUG org.apache.fontbox.util.autodetect.FontFileFinder.walk(FontFileFinder.java:136) checkFontfile check /usr/share/fonts/cmap/adobe-japan1/Adobe-Japan1-PS-V 
11 May 2026 06:19:57,583 DEBUG org.apache.fontbox.util.autodetect.FontFileFinder.walk(FontFileFinder.java:136) checkFontfile check /usr/share/fonts/cmap/adobe-japan1/90ms-RKSJ-UCS2 
11 May 2026 06:19:57,583 DEBUG org.apache.fontbox.util.autodetect.FontFileFinder.walk(FontFileFinder.java:136) checkFontfile check /usr/share/fonts/cmap/adobe-japan1/78ms-RKSJ-H 
11 May 2026 06:19:57,583 DEBUG org.apache.fontbox.util.autodetect.FontFileFinder.walk(FontFileFinder.java:136) checkFontfile check /usr/share/fonts/cmap/adobe-japan1/90pv-RKSJ-V 
11 May 2026 06:19:57,583 DEBUG org.apache.fontbox.util.autodetect.FontFileFinder.walk(FontFileFinder.java:136) checkFontfile check /usr/share/fonts/cmap/adobe-japan1/Ext-RKSJ-V 
11 May 2026 06:19:57,583 DEBUG org.apache.fontbox.util.autodetect.FontFileFinder.walk(FontFileFinder.java:136) checkFontfile check /usr/share/fonts/cmap/adobe-japan1/UniJIS-UCS2-V 
11 May 2026 06:19:57,583 DEBUG org.apache.fontbox.util.autodetect.FontFileFinder.walk(FontFileFinder.java:136) checkFontfile check /usr/share/fonts/cmap/adobe-japan1/Adobe-Japan1-6 
11 May 2026 06:19:57,583 DEBUG org.apache.fontbox.util.autodetect.FontFileFinder.walk(FontFileFinder.java:136) checkFontfile check /usr/share/fonts/cmap/adobe-japan1/UniJISX0213-UTF32-H 
11 May 2026 06:19:57,583 DEBUG org.apache.fontbox.util.autodetect.FontFileFinder.walk(FontFileFinder.java:136) checkFontfile check /usr/share/fonts/cmap/adobe-japan1/Add-RKSJ-V 
11 May 2026 06:19:57,583 DEBUG org.apache.fontbox.util.autodetect.FontFileFinder.walk(FontFileFinder.java:136) checkFontfile check /usr/share/fonts/cmap/adobe-japan1/78ms-RKSJ-V 
11 May 2026 06:19:57,583 DEBUG org.apache.fontbox.util.autodetect.FontFileFinder.walk(FontFileFinder.java:136) checkFontfile check /usr/share/fonts/cmap/adobe-japan1/Adobe-Japan1-4 
11 May 2026 06:19:57,583 DEBUG org.apache.fontbox.util.autodetect.FontFileFinder.walk(FontFileFinder.java:136) checkFontfile check /usr/share/fonts/cmap/adobe-japan1/Adobe-Japan1-90pv-RKSJ 
11 May 2026 06:19:57,583 DEBUG org.apache.fontbox.util.autodetect.FontFileFinder.walk(FontFileFinder.java:136) checkFontfile check /usr/share/fonts/cmap/adobe-japan1/Ext-V 
11 May 2026 06:19:57,584 DEBUG org.apache.fontbox.util.autodetect.FontFileFinder.walk(FontFileFinder.java:136) checkFontfile check /usr/share/fonts/cmap/adobe-japan1/Add-H 
11 May 2026 06:19:57,584 DEBUG org.apache.fontbox.util.autodetect.FontFileFinder.walk(FontFileFinder.java:136) checkFontfile check /usr/share/fonts/cmap/adobe-japan1/Adobe-Japan1-PS-H 
11 May 2026 06:19:57,584 DEBUG org.apache.fontbox.util.autodetect.FontFileFinder.walk(FontFileFinder.java:136) checkFontfile check /usr/share/fonts/cmap/adobe-japan1/Ext-H 
11 May 2026 06:19:57,584 DEBUG org.apache.fontbox.util.autodetect.FontFileFinder.walk(FontFileFinder.java:136) checkFontfile check /usr/share/fonts/cmap/adobe-japan1/90msp-RKSJ-V 
11 May 2026 06:19:57,584 DEBUG org.apache.fontbox.util.autodetect.FontFileFinder.walk(FontFileFinder.java:136) checkFontfile check /usr/share/fonts/cmap/adobe-japan1/UniJIS-UCS2-H 
11 May 2026 06:19:57,584 DEBUG org.apache.fontbox.util.autodetect.FontFileFinder.walk(FontFileFinder.java:136) checkFontfile check /usr/share/fonts/cmap/adobe-japan1/UniJIS2004-UTF16-H 
11 May 2026 06:19:57,584 DEBUG org.apache.fontbox.util.autodetect.FontFileFinder.walk(FontFileFinder.java:136) checkFontfile check /usr/share/fonts/cmap/adobe-japan1/90pv-RKSJ-UCS2C 
11 May 2026 06:19:57,584 DEBUG org.apache.fontbox.util.autodetect.FontFileFinder.walk(FontFileFinder.java:136) checkFontfile check /usr/share/fonts/cmap/adobe-japan1/78-EUC-V 
11 May 2026 06:19:57,584 DEBUG org.apache.fontbox.util.autodetect.FontFileFinder.walk(FontFileFinder.java:136) checkFontfile check /usr/share/fonts/cmap/adobe-japan1/UniJIS-UCS2-HW-H 
11 May 2026 06:19:57,584 DEBUG org.apache.fontbox.util.autodetect.FontFileFinder.walk(FontFileFinder.java:136) checkFontfile check /usr/share/fonts/cmap/adobe-japan1/UniJIS-UTF16-H 
11 May 2026 06:19:57,584 DEBUG org.apache.fontbox.util.autodetect.FontFileFinder.walk(FontFileFinder.java:136) checkFontfile check /usr/share/fonts/cmap/adobe-japan1/90ms-RKSJ-H 
11 May 2026 06:19:57,584 DEBUG org.apache.fontbox.util.autodetect.FontFileFinder.walk(FontFileFinder.java:136) checkFontfile check /usr/share/fonts/cmap/adobe-japan1/Adobe-Japan1-H-CID 
11 May 2026 06:19:57,584 DEBUG org.apache.fontbox.util.autodetect.FontFileFinder.walk(FontFileFinder.java:136) checkFontfile check /usr/share/fonts/cmap/adobe-japan1/UniHojo-UTF8-V 
11 May 2026 06:19:57,584 DEBUG org.apache.fontbox.util.autodetect.FontFileFinder.walk(FontFileFinder.java:136) checkFontfile check /usr/share/fonts/cmap/adobe-japan1/78-RKSJ-H 
11 May 2026 06:19:57,584 DEBUG org.apache.fontbox.util.autodetect.FontFileFinder.walk(FontFileFinder.java:136) checkFontfile check /usr/share/fonts/cmap/adobe-japan1/UniJIS2004-UTF8-V 
11 May 2026 06:19:57,584 DEBUG org.apache.fontbox.util.autodetect.FontFileFinder.walk(FontFileFinder.java:136) checkFontfile check /usr/share/fonts/cmap/adobe-japan1/83pv-RKSJ-H 
11 May 2026 06:19:57,584 DEBUG org.apache.fontbox.util.autodetect.FontFileFinder.walk(FontFileFinder.java:136) checkFontfile check /usr/share/fonts/cmap/adobe-japan1/78-RKSJ-V 
11 May 2026 06:19:57,584 DEBUG org.apache.fontbox.util.autodetect.FontFileFinder.walk(FontFileFinder.java:136) checkFontfile check /usr/share/fonts/cmap/adobe-japan1/90pv-RKSJ-UCS2 
11 May 2026 06:19:57,585 DEBUG org.apache.fontbox.util.autodetect.FontFileFinder.walk(FontFileFinder.java:136) checkFontfile check /usr/share/fonts/cmap/adobe-japan1/UniJIS2004-UTF32-H 
11 May 2026 06:19:57,587 DEBUG org.apache.fontbox.util.autodetect.FontFileFinder.walk(FontFileFinder.java:136) checkFontfile check /usr/share/fonts/cmap/adobe-japan1/UniJIS-UTF32-V 
11 May 2026 06:19:57,587 DEBUG org.apache.fontbox.util.autodetect.FontFileFinder.walk(FontFileFinder.java:136) checkFontfile check /usr/share/fonts/cmap/adobe-japan1/UniJIS-UTF16-V 
11 May 2026 06:19:57,587 DEBUG org.apache.fontbox.util.autodetect.FontFileFinder.walk(FontFileFinder.java:136) checkFontfile check /usr/share/fonts/cmap/adobe-japan1/UniJIS-UTF8-H 
11 May 2026 06:19:57,587 DEBUG org.apache.fontbox.util.autodetect.FontFileFinder.walk(FontFileFinder.java:136) checkFontfile check /usr/share/fonts/cmap/adobe-japan1/UCS2-90pv-RKSJ 
11 May 2026 06:19:57,587 DEBUG org.apache.fontbox.util.autodetect.FontFileFinder.walk(FontFileFinder.java:136) checkFontfile check /usr/share/fonts/cmap/adobe-japan1/Hojo-V 
11 May 2026 06:19:57,587 DEBUG org.apache.fontbox.util.autodetect.FontFileFinder.walk(FontFileFinder.java:136) checkFontfile check /usr/share/fonts/cmap/adobe-japan1/V 
11 May 2026 06:19:57,587 DEBUG org.apache.fontbox.util.autodetect.FontFileFinder.walk(FontFileFinder.java:136) checkFontfile check /usr/share/fonts/cmap/adobe-japan1/Add-V 
11 May 2026 06:19:57,587 DEBUG org.apache.fontbox.util.autodetect.FontFileFinder.walk(FontFileFinder.java:136) checkFontfile check /usr/share/fonts/cmap/adobe-japan1/UniJISPro-UTF8-V 
11 May 2026 06:19:57,587 DEBUG org.apache.fontbox.util.autodetect.FontFileFinder.walk(FontFileFinder.java:136) checkFontfile check /usr/share/fonts/cmap/adobe-japan1/UniHojo-UTF32-H 
11 May 2026 06:19:57,587 DEBUG org.apache.fontbox.util.autodetect.FontFileFinder.walk(FontFileFinder.java:136) checkFontfile check /usr/share/fonts/cmap/adobe-japan1/UCS2-90ms-RKSJ 
11 May 2026 06:19:57,587 DEBUG org.apache.fontbox.util.autodetect.FontFileFinder.walk(FontFileFinder.java:136) checkFontfile check /usr/share/fonts/cmap/adobe-japan1/RKSJ-H 
11 May 2026 06:19:57,587 DEBUG org.apache.fontbox.util.autodetect.FontFileFinder.walk(FontFileFinder.java:136) checkFontfile check /usr/share/fonts/cmap/adobe-japan1/Adobe-Japan1-0 
11 May 2026 06:19:57,587 DEBUG org.apache.fontbox.util.autodetect.FontFileFinder.walk(FontFileFinder.java:136) checkFontfile check /usr/share/fonts/cmap/adobe-japan1/UniJISPro-UCS2-HW-V 
11 May 2026 06:19:57,587 DEBUG org.apache.fontbox.util.autodetect.FontFileFinder.walk(FontFileFinder.java:136) checkFontfile check /usr/share/fonts/cmap/adobe-japan1/Adobe-Japan1-5 
11 May 2026 06:19:57,587 DEBUG org.apache.fontbox.util.autodetect.FontFileFinder.walk(FontFileFinder.java:136) checkFontfile check /usr/share/fonts/cmap/adobe-japan1/Adobe-Japan1-1 
11 May 2026 06:19:57,587 DEBUG org.apache.fontbox.util.autodetect.FontFileFinder.walk(FontFileFinder.java:136) checkFontfile check /usr/share/fonts/cmap/adobe-japan1/Adobe-Japan1-UCS2 
11 May 2026 06:19:57,587 DEBUG org.apache.fontbox.util.autodetect.FontFileFinder.walk(FontFileFinder.java:136) checkFontfile check /usr/share/fonts/cmap/adobe-japan1/90ms-RKSJ-V 
11 May 2026 06:19:57,588 DEBUG org.apache.fontbox.util.autodetect.FontFileFinder.walk(FontFileFinder.java:136) checkFontfile check /usr/share/fonts/cmap/adobe-japan1/Adobe-Japan1-90ms-RKSJ 
11 May 2026 06:19:57,588 DEBUG org.apache.fontbox.util.autodetect.FontFileFinder.walk(FontFileFinder.java:136) checkFontfile check /usr/share/fonts/cmap/adobe-japan1/UniJIS-UCS2-HW-V 
11 May 2026 06:19:57,588 DEBUG org.apache.fontbox.util.autodetect.FontFileFinder.walk(FontFileFinder.java:136) checkFontfile check /usr/share/fonts/cmap/adobe-japan1/Adobe-Japan1-7 
11 May 2026 06:19:57,588 DEBUG org.apache.fontbox.util.autodetect.FontFileFinder.walk(FontFileFinder.java:136) checkFontfile check /usr/share/fonts/cmap/adobe-japan1/90msp-RKSJ-H 
11 May 2026 06:19:57,588 DEBUG org.apache.fontbox.util.autodetect.FontFileFinder.walk(FontFileFinder.java:136) checkFontfile check /usr/share/fonts/cmap/adobe-japan1/Hojo-H 
11 May 2026 06:19:57,588 DEBUG org.apache.fontbox.util.autodetect.FontFileFinder.walk(FontFileFinder.java:136) checkFontfile check /usr/share/fonts/cmap/adobe-japan1/NWP-H 
11 May 2026 06:19:57,588 DEBUG org.apache.fontbox.util.autodetect.FontFileFinder.walk(FontFileFinder.java:136) checkFontfile check /usr/share/fonts/cmap/adobe-japan1/WP-Symbol 
11 May 2026 06:19:57,588 DEBUG org.apache.fontbox.util.autodetect.FontFileFinder.walk(FontFileFinder.java:136) checkFontfile check /usr/share/fonts/cmap/adobe-japan1/78-EUC-H 
11 May 2026 06:19:57,588 DEBUG org.apache.fontbox.util.autodetect.FontFileFinder.walk(FontFileFinder.java:136) checkFontfile check /usr/share/fonts/cmap/adobe-japan1/UniHojo-UTF8-H 
11 May 2026 06:19:57,588 DEBUG org.apache.fontbox.util.autodetect.FontFileFinder.walk(FontFileFinder.java:136) checkFontfile check /usr/share/fonts/cmap/adobe-japan1/Hojo-EUC-H 
11 May 2026 06:19:57,588 DEBUG org.apache.fontbox.util.autodetect.FontFileFinder.walk(FontFileFinder.java:136) checkFontfile check /usr/share/fonts/cmap/adobe-japan1/Adobe-Japan1-2 
11 May 2026 06:19:57,588 DEBUG org.apache.fontbox.util.autodetect.FontFileFinder.walk(FontFileFinder.java:136) checkFontfile check /usr/share/fonts/cmap/adobe-japan1/NWP-V 
11 May 2026 06:19:57,588 DEBUG org.apache.fontbox.util.autodetect.FontFileFinder.walk(FontFileFinder.java:136) checkFontfile check /usr/share/fonts/cmap/adobe-japan1/UniJIS-UTF32-H 
11 May 2026 06:19:57,588 DEBUG org.apache.fontbox.util.autodetect.FontFileFinder.walk(FontFileFinder.java:136) checkFontfile check /usr/share/fonts/cmap/adobe-japan1/Adobe-Japan1-H-Host 
11 May 2026 06:19:57,588 DEBUG org.apache.fontbox.util.autodetect.FontFileFinder.walk(FontFileFinder.java:136) checkFontfile check /usr/share/fonts/cmap/adobe-japan1/EUC-V 
11 May 2026 06:19:57,588 DEBUG org.apache.fontbox.util.autodetect.FontFileFinder.walk(FontFileFinder.java:136) checkFontfile check /usr/share/fonts/cmap/adobe-japan1/Roman 
11 May 2026 06:19:57,588 DEBUG org.apache.fontbox.util.autodetect.FontFileFinder.walk(FontFileFinder.java:136) checkFontfile check /usr/share/fonts/cmap/adobe-japan1/Add-RKSJ-H 
11 May 2026 06:19:57,588 DEBUG org.apache.fontbox.util.autodetect.FontFileFinder.walk(FontFileFinder.java:136) checkFontfile check /usr/share/fonts/cmap/adobe-japan1/Hojo-EUC-V 
11 May 2026 06:19:57,593 DEBUG org.apache.fontbox.util.autodetect.FontFileFinder.walk(FontFileFinder.java:136) checkFontfile check /usr/share/fonts/cmap/adobe-japan1/UniHojo-UCS2-H 
11 May 2026 06:19:57,593 DEBUG org.apache.fontbox.util.autodetect.FontFileFinder.walk(FontFileFinder.java:136) checkFontfile check /usr/share/fonts/cmap/adobe-japan1/UniJIS2004-UTF8-H 
11 May 2026 06:19:57,593 DEBUG org.apache.fontbox.util.autodetect.FontFileFinder.walk(FontFileFinder.java:136) checkFontfile check /usr/share/fonts/cmap/adobe-japan1/Hiragana 
11 May 2026 06:19:57,593 DEBUG org.apache.fontbox.util.autodetect.FontFileFinder.walk(FontFileFinder.java:136) checkFontfile check /usr/share/fonts/cmap/adobe-japan1/UniHojo-UCS2-V 
11 May 2026 06:19:57,593 DEBUG org.apache.fontbox.util.autodetect.FontFileFinder.walk(FontFileFinder.java:136) checkFontfile check /usr/share/fonts/cmap/adobe-japan1/UniJISX0213-UTF32-V 
11 May 2026 06:19:57,593 DEBUG org.apache.fontbox.util.autodetect.FontFileFinder.walk(FontFileFinder.java:136) checkFontfile check /usr/share/fonts/cmap/adobe-japan1/Katakana 
11 May 2026 06:19:57,593 DEBUG org.apache.fontbox.util.autodetect.FontFileFinder.walk(FontFileFinder.java:136) checkFontfile check /usr/share/fonts/cmap/adobe-japan1/UniHojo-UTF32-V 
11 May 2026 06:19:57,593 DEBUG org.apache.fontbox.util.autodetect.FontFileFinder.walk(FontFileFinder.java:136) checkFontfile check /usr/share/fonts/cmap/adobe-japan1/UniJIS-UTF8-V 
11 May 2026 06:19:57,593 DEBUG org.apache.fontbox.util.autodetect.FontFileFinder.walk(FontFileFinder.java:136) checkFontfile check /usr/share/fonts/cmap/adobe-japan1/78-H 
11 May 2026 06:19:57,593 DEBUG org.apache.fontbox.util.autodetect.FontFileFinder.walk(FontFileFinder.java:136) checkFontfile check /usr/share/fonts/cmap/adobe-japan1/Adobe-Japan1-H-Mac 
11 May 2026 06:19:57,593 DEBUG org.apache.fontbox.util.autodetect.FontFileFinder.walk(FontFileFinder.java:136) checkFontfile check /usr/share/fonts/cmap/adobe-japan1/90pv-RKSJ-H 
11 May 2026 06:19:57,593 DEBUG org.apache.fontbox.util.autodetect.FontFileFinder.walk(FontFileFinder.java:136) checkFontfile check /usr/share/fonts/cmap/adobe-japan1/EUC-H 
11 May 2026 06:19:57,593 DEBUG org.apache.fontbox.util.autodetect.FontFileFinder.walk(FontFileFinder.java:136) checkFontfile check /usr/share/fonts/cmap/adobe-japan1/UniJISPro-UCS2-V 
11 May 2026 06:19:57,593 DEBUG org.apache.fontbox.util.autodetect.FontFileFinder.walk(FontFileFinder.java:136) checkFontfile check /usr/share/fonts/cmap/adobe-japan1/UniHojo-UTF16-V 
11 May 2026 06:19:57,593 DEBUG org.apache.fontbox.util.autodetect.FontFileFinder.walk(FontFileFinder.java:136) checkFontfile check /usr/share/fonts/cmap/adobe-japan1/Ext-RKSJ-H 
11 May 2026 06:19:57,593 DEBUG org.apache.fontbox.util.autodetect.FontFileFinder.walk(FontFileFinder.java:136) checkFontfile check /usr/share/fonts/cmap/adobe-japan1/Hankaku 
11 May 2026 06:19:57,593 DEBUG org.apache.fontbox.util.autodetect.FontFileFinder.walk(FontFileFinder.java:136) checkFontfile check /usr/share/fonts/cmap/adobe-japan1/78-V 
11 May 2026 06:19:57,593 DEBUG org.apache.fontbox.util.autodetect.FontFileFinder.walk(FontFileFinder.java:136) checkFontfile check /usr/share/fonts/cmap/adobe-japan2/Adobe-Japan2-0 
11 May 2026 06:19:57,594 DEBUG org.apache.fontbox.util.autodetect.FontFileFinder.walk(FontFileFinder.java:136) checkFontfile check /usr/share/fonts/cmap/adobe-cns1/HKm471-B5-H 
11 May 2026 06:19:57,594 DEBUG org.apache.fontbox.util.autodetect.FontFileFinder.walk(FontFileFinder.java:136) checkFontfile check /usr/share/fonts/cmap/adobe-cns1/HKdlb-B5-H 
11 May 2026 06:19:57,594 DEBUG org.apache.fontbox.util.autodetect.FontFileFinder.walk(FontFileFinder.java:136) checkFontfile check /usr/share/fonts/cmap/adobe-cns1/Adobe-CNS1-1 
11 May 2026 06:19:57,594 DEBUG org.apache.fontbox.util.autodetect.FontFileFinder.walk(FontFileFinder.java:136) checkFontfile check /usr/share/fonts/cmap/adobe-cns1/CNS1-H 
11 May 2026 06:19:57,594 DEBUG org.apache.fontbox.util.autodetect.FontFileFinder.walk(FontFileFinder.java:136) checkFontfile check /usr/share/fonts/cmap/adobe-cns1/B5-V 
11 May 2026 06:19:57,594 DEBUG org.apache.fontbox.util.autodetect.FontFileFinder.walk(FontFileFinder.java:136) checkFontfile check /usr/share/fonts/cmap/adobe-cns1/UniCNS-UTF16-V 
11 May 2026 06:19:57,594 DEBUG org.apache.fontbox.util.autodetect.FontFileFinder.walk(FontFileFinder.java:136) checkFontfile check /usr/share/fonts/cmap/adobe-cns1/Adobe-CNS1-B5pc 
11 May 2026 06:19:57,594 DEBUG org.apache.fontbox.util.autodetect.FontFileFinder.walk(FontFileFinder.java:136) checkFontfile check /usr/share/fonts/cmap/adobe-cns1/CNS-EUC-H 
11 May 2026 06:19:57,594 DEBUG org.apache.fontbox.util.autodetect.FontFileFinder.walk(FontFileFinder.java:136) checkFontfile check /usr/share/fonts/cmap/adobe-cns1/Adobe-CNS1-4 
11 May 2026 06:19:57,594 DEBUG org.apache.fontbox.util.autodetect.FontFileFinder.walk(FontFileFinder.java:136) checkFontfile check /usr/share/fonts/cmap/adobe-cns1/UniCNS-UTF32-H 
11 May 2026 06:19:57,594 DEBUG org.apache.fontbox.util.autodetect.FontFileFinder.walk(FontFileFinder.java:136) checkFontfile check /usr/share/fonts/cmap/adobe-cns1/HKdla-B5-V 
11 May 2026 06:19:57,594 DEBUG org.apache.fontbox.util.autodetect.FontFileFinder.walk(FontFileFinder.java:136) checkFontfile check /usr/share/fonts/cmap/adobe-cns1/ETen-B5-UCS2 
11 May 2026 06:19:57,594 DEBUG org.apache.fontbox.util.autodetect.FontFileFinder.walk(FontFileFinder.java:136) checkFontfile check /usr/share/fonts/cmap/adobe-cns1/B5pc-H 
11 May 2026 06:19:57,594 DEBUG org.apache.fontbox.util.autodetect.FontFileFinder.walk(FontFileFinder.java:136) checkFontfile check /usr/share/fonts/cmap/adobe-cns1/Adobe-CNS1-6 
11 May 2026 06:19:57,594 DEBUG org.apache.fontbox.util.autodetect.FontFileFinder.walk(FontFileFinder.java:136) checkFontfile check /usr/share/fonts/cmap/adobe-cns1/B5pc-UCS2 
11 May 2026 06:19:57,594 DEBUG org.apache.fontbox.util.autodetect.FontFileFinder.walk(FontFileFinder.java:136) checkFontfile check /usr/share/fonts/cmap/adobe-cns1/UniCNS-UTF32-V 
11 May 2026 06:19:57,594 DEBUG org.apache.fontbox.util.autodetect.FontFileFinder.walk(FontFileFinder.java:136) checkFontfile check /usr/share/fonts/cmap/adobe-cns1/HKscs-B5-H 
11 May 2026 06:19:57,594 DEBUG org.apache.fontbox.util.autodetect.FontFileFinder.walk(FontFileFinder.java:136) checkFontfile check /usr/share/fonts/cmap/adobe-cns1/CNS2-H 
11 May 2026 06:19:57,594 DEBUG org.apache.fontbox.util.autodetect.FontFileFinder.walk(FontFileFinder.java:136) checkFontfile check /usr/share/fonts/cmap/adobe-cns1/ETen-B5-H 
11 May 2026 06:19:57,594 DEBUG org.apache.fontbox.util.autodetect.FontFileFinder.walk(FontFileFinder.java:136) checkFontfile check /usr/share/fonts/cmap/adobe-cns1/ETen-B5-V 
11 May 2026 06:19:57,594 DEBUG org.apache.fontbox.util.autodetect.FontFileFinder.walk(FontFileFinder.java:136) checkFontfile check /usr/share/fonts/cmap/adobe-cns1/Adobe-CNS1-H-Mac 
11 May 2026 06:19:57,594 DEBUG org.apache.fontbox.util.autodetect.FontFileFinder.walk(FontFileFinder.java:136) checkFontfile check /usr/share/fonts/cmap/adobe-cns1/UCS2-B5pc 
11 May 2026 06:19:57,594 DEBUG org.apache.fontbox.util.autodetect.FontFileFinder.walk(FontFileFinder.java:136) checkFontfile check /usr/share/fonts/cmap/adobe-cns1/B5pc-UCS2C 
11 May 2026 06:19:57,594 DEBUG org.apache.fontbox.util.autodetect.FontFileFinder.walk(FontFileFinder.java:136) checkFontfile check /usr/share/fonts/cmap/adobe-cns1/Adobe-CNS1-H-Host 
11 May 2026 06:19:57,597 DEBUG org.apache.fontbox.util.autodetect.FontFileFinder.walk(FontFileFinder.java:136) checkFontfile check /usr/share/fonts/cmap/adobe-cns1/ETHK-B5-V 
11 May 2026 06:19:57,597 DEBUG org.apache.fontbox.util.autodetect.FontFileFinder.walk(FontFileFinder.java:136) checkFontfile check /usr/share/fonts/cmap/adobe-cns1/Adobe-CNS1-0 
11 May 2026 06:19:57,597 DEBUG org.apache.fontbox.util.autodetect.FontFileFinder.walk(FontFileFinder.java:136) checkFontfile check /usr/share/fonts/cmap/adobe-cns1/HKdla-B5-H 
11 May 2026 06:19:57,597 DEBUG org.apache.fontbox.util.autodetect.FontFileFinder.walk(FontFileFinder.java:136) checkFontfile check /usr/share/fonts/cmap/adobe-cns1/HKm471-B5-V 
11 May 2026 06:19:57,597 DEBUG org.apache.fontbox.util.autodetect.FontFileFinder.walk(FontFileFinder.java:136) checkFontfile check /usr/share/fonts/cmap/adobe-cns1/UniCNS-UTF8-H 
11 May 2026 06:19:57,597 DEBUG org.apache.fontbox.util.autodetect.FontFileFinder.walk(FontFileFinder.java:136) checkFontfile check /usr/share/fonts/cmap/adobe-cns1/Adobe-CNS1-H-CID 
11 May 2026 06:19:57,597 DEBUG org.apache.fontbox.util.autodetect.FontFileFinder.walk(FontFileFinder.java:136) checkFontfile check /usr/share/fonts/cmap/adobe-cns1/UniCNS-UCS2-V 
11 May 2026 06:19:57,597 DEBUG org.apache.fontbox.util.autodetect.FontFileFinder.walk(FontFileFinder.java:136) checkFontfile check /usr/share/fonts/cmap/adobe-cns1/CNS1-V 
11 May 2026 06:19:57,597 DEBUG org.apache.fontbox.util.autodetect.FontFileFinder.walk(FontFileFinder.java:136) checkFontfile check /usr/share/fonts/cmap/adobe-cns1/ETenms-B5-V 
11 May 2026 06:19:57,597 DEBUG org.apache.fontbox.util.autodetect.FontFileFinder.walk(FontFileFinder.java:136) checkFontfile check /usr/share/fonts/cmap/adobe-cns1/Adobe-CNS1-7 
11 May 2026 06:19:57,597 DEBUG org.apache.fontbox.util.autodetect.FontFileFinder.walk(FontFileFinder.java:136) checkFontfile check /usr/share/fonts/cmap/adobe-cns1/Adobe-CNS1-UCS2 
11 May 2026 06:19:57,597 DEBUG org.apache.fontbox.util.autodetect.FontFileFinder.walk(FontFileFinder.java:136) checkFontfile check /usr/share/fonts/cmap/adobe-cns1/ETHK-B5-H 
11 May 2026 06:19:57,597 DEBUG org.apache.fontbox.util.autodetect.FontFileFinder.walk(FontFileFinder.java:136) checkFontfile check /usr/share/fonts/cmap/adobe-cns1/CNS2-V 
11 May 2026 06:19:57,597 DEBUG org.apache.fontbox.util.autodetect.FontFileFinder.walk(FontFileFinder.java:136) checkFontfile check /usr/share/fonts/cmap/adobe-cns1/UCS2-ETen-B5 
11 May 2026 06:19:57,597 DEBUG org.apache.fontbox.util.autodetect.FontFileFinder.walk(FontFileFinder.java:136) checkFontfile check /usr/share/fonts/cmap/adobe-cns1/HKgccs-B5-V 
11 May 2026 06:19:57,597 DEBUG org.apache.fontbox.util.autodetect.FontFileFinder.walk(FontFileFinder.java:136) checkFontfile check /usr/share/fonts/cmap/adobe-cns1/Adobe-CNS1-ETen-B5 
11 May 2026 06:19:57,597 DEBUG org.apache.fontbox.util.autodetect.FontFileFinder.walk(FontFileFinder.java:136) checkFontfile check /usr/share/fonts/cmap/adobe-cns1/Adobe-CNS1-3 
11 May 2026 06:19:57,597 DEBUG org.apache.fontbox.util.autodetect.FontFileFinder.walk(FontFileFinder.java:136) checkFontfile check /usr/share/fonts/cmap/adobe-cns1/UniCNS-UCS2-H 
11 May 2026 06:19:57,597 DEBUG org.apache.fontbox.util.autodetect.FontFileFinder.walk(FontFileFinder.java:136) checkFontfile check /usr/share/fonts/cmap/adobe-cns1/UniCNS-UTF16-H 
11 May 2026 06:19:57,597 DEBUG org.apache.fontbox.util.autodetect.FontFileFinder.walk(FontFileFinder.java:136) checkFontfile check /usr/share/fonts/cmap/adobe-cns1/HKm314-B5-V 
11 May 2026 06:19:57,598 DEBUG org.apache.fontbox.util.autodetect.FontFileFinder.walk(FontFileFinder.java:136) checkFontfile check /usr/share/fonts/cmap/adobe-cns1/B5-H 
11 May 2026 06:19:57,598 DEBUG org.apache.fontbox.util.autodetect.FontFileFinder.walk(FontFileFinder.java:136) checkFontfile check /usr/share/fonts/cmap/adobe-cns1/HKdlb-B5-V 
11 May 2026 06:19:57,598 DEBUG org.apache.fontbox.util.autodetect.FontFileFinder.walk(FontFileFinder.java:136) checkFontfile check /usr/share/fonts/cmap/adobe-cns1/ETenms-B5-H 
11 May 2026 06:19:57,598 DEBUG org.apache.fontbox.util.autodetect.FontFileFinder.walk(FontFileFinder.java:136) checkFontfile check /usr/share/fonts/cmap/adobe-cns1/Adobe-CNS1-2 
11 May 2026 06:19:57,598 DEBUG org.apache.fontbox.util.autodetect.FontFileFinder.walk(FontFileFinder.java:136) checkFontfile check /usr/share/fonts/cmap/adobe-cns1/CNS-EUC-V 
11 May 2026 06:19:57,598 DEBUG org.apache.fontbox.util.autodetect.FontFileFinder.walk(FontFileFinder.java:136) checkFontfile check /usr/share/fonts/cmap/adobe-cns1/B5pc-V 
11 May 2026 06:19:57,598 DEBUG org.apache.fontbox.util.autodetect.FontFileFinder.walk(FontFileFinder.java:136) checkFontfile check /usr/share/fonts/cmap/adobe-cns1/HKscs-B5-V 
11 May 2026 06:19:57,598 DEBUG org.apache.fontbox.util.autodetect.FontFileFinder.walk(FontFileFinder.java:136) checkFontfile check /usr/share/fonts/cmap/adobe-cns1/UniCNS-UTF8-V 
11 May 2026 06:19:57,598 DEBUG org.apache.fontbox.util.autodetect.FontFileFinder.walk(FontFileFinder.java:136) checkFontfile check /usr/share/fonts/cmap/adobe-cns1/Adobe-CNS1-5 
11 May 2026 06:19:57,598 DEBUG org.apache.fontbox.util.autodetect.FontFileFinder.walk(FontFileFinder.java:136) checkFontfile check /usr/share/fonts/cmap/adobe-cns1/HKm314-B5-H 
11 May 2026 06:19:57,598 DEBUG org.apache.fontbox.util.autodetect.FontFileFinder.walk(FontFileFinder.java:136) checkFontfile check /usr/share/fonts/cmap/adobe-cns1/HKgccs-B5-H 
11 May 2026 06:19:57,598 DEBUG org.apache.fontbox.util.autodetect.FontFileFinder.walk(FontFileFinder.java:136) checkFontfile check /usr/share/fonts/cmap/adobe-korea1/Adobe-Korea1-0 
11 May 2026 06:19:57,598 DEBUG org.apache.fontbox.util.autodetect.FontFileFinder.walk(FontFileFinder.java:136) checkFontfile check /usr/share/fonts/cmap/adobe-korea1/Adobe-Korea1-1 
11 May 2026 06:19:57,598 DEBUG org.apache.fontbox.util.autodetect.FontFileFinder.walk(FontFileFinder.java:136) checkFontfile check /usr/share/fonts/cmap/adobe-korea1/KSC-EUC-V 
11 May 2026 06:19:57,598 DEBUG org.apache.fontbox.util.autodetect.FontFileFinder.walk(FontFileFinder.java:136) checkFontfile check /usr/share/fonts/cmap/adobe-korea1/Adobe-Korea1-KSCpc-EUC 
11 May 2026 06:19:57,598 DEBUG org.apache.fontbox.util.autodetect.FontFileFinder.walk(FontFileFinder.java:136) checkFontfile check /usr/share/fonts/cmap/adobe-korea1/KSCpc-EUC-UCS2 
11 May 2026 06:19:57,598 DEBUG org.apache.fontbox.util.autodetect.FontFileFinder.walk(FontFileFinder.java:136) checkFontfile check /usr/share/fonts/cmap/adobe-korea1/KSCpc-EUC-UCS2C 
11 May 2026 06:19:57,598 DEBUG org.apache.fontbox.util.autodetect.FontFileFinder.walk(FontFileFinder.java:136) checkFontfile check /usr/share/fonts/cmap/adobe-korea1/KSCms-UHC-V 
11 May 2026 06:19:57,598 DEBUG org.apache.fontbox.util.autodetect.FontFileFinder.walk(FontFileFinder.java:136) checkFontfile check /usr/share/fonts/cmap/adobe-korea1/KSC-EUC-H 
11 May 2026 06:19:57,598 DEBUG org.apache.fontbox.util.autodetect.FontFileFinder.walk(FontFileFinder.java:136) checkFontfile check /usr/share/fonts/cmap/adobe-korea1/Adobe-Korea1-H-CID 
11 May 2026 06:19:57,598 DEBUG org.apache.fontbox.util.autodetect.FontFileFinder.walk(FontFileFinder.java:136) checkFontfile check /usr/share/fonts/cmap/adobe-korea1/Adobe-Korea1-H-Mac 
11 May 2026 06:19:57,598 DEBUG org.apache.fontbox.util.autodetect.FontFileFinder.walk(FontFileFinder.java:136) checkFontfile check /usr/share/fonts/cmap/adobe-korea1/KSC-Johab-V 
11 May 2026 06:19:57,598 DEBUG org.apache.fontbox.util.autodetect.FontFileFinder.walk(FontFileFinder.java:136) checkFontfile check /usr/share/fonts/cmap/adobe-korea1/KSCms-UHC-H 
11 May 2026 06:19:57,598 DEBUG org.apache.fontbox.util.autodetect.FontFileFinder.walk(FontFileFinder.java:136) checkFontfile check /usr/share/fonts/cmap/adobe-korea1/Adobe-Korea1-KSCms-UHC 
11 May 2026 06:19:57,598 DEBUG org.apache.fontbox.util.autodetect.FontFileFinder.walk(FontFileFinder.java:136) checkFontfile check /usr/share/fonts/cmap/adobe-korea1/KSCpc-EUC-V 
11 May 2026 06:19:57,599 DEBUG org.apache.fontbox.util.autodetect.FontFileFinder.walk(FontFileFinder.java:136) checkFontfile check /usr/share/fonts/cmap/adobe-korea1/KSC-Johab-H 
11 May 2026 06:19:57,599 DEBUG org.apache.fontbox.util.autodetect.FontFileFinder.walk(FontFileFinder.java:136) checkFontfile check /usr/share/fonts/cmap/adobe-korea1/KSC-H 
11 May 2026 06:19:57,599 DEBUG org.apache.fontbox.util.autodetect.FontFileFinder.walk(FontFileFinder.java:136) checkFontfile check /usr/share/fonts/cmap/adobe-korea1/UCS2-KSCms-UHC 
11 May 2026 06:19:57,599 DEBUG org.apache.fontbox.util.autodetect.FontFileFinder.walk(FontFileFinder.java:136) checkFontfile check /usr/share/fonts/cmap/adobe-korea1/UniKS-UTF16-H 
11 May 2026 06:19:57,599 DEBUG org.apache.fontbox.util.autodetect.FontFileFinder.walk(FontFileFinder.java:136) checkFontfile check /usr/share/fonts/cmap/adobe-korea1/KSCms-UHC-HW-H 
11 May 2026 06:19:57,599 DEBUG org.apache.fontbox.util.autodetect.FontFileFinder.walk(FontFileFinder.java:136) checkFontfile check /usr/share/fonts/cmap/adobe-korea1/UniKS-UCS2-H 
11 May 2026 06:19:57,599 DEBUG org.apache.fontbox.util.autodetect.FontFileFinder.walk(FontFileFinder.java:136) checkFontfile check /usr/share/fonts/cmap/adobe-korea1/UniKS-UTF8-H 
11 May 2026 06:19:57,599 DEBUG org.apache.fontbox.util.autodetect.FontFileFinder.walk(FontFileFinder.java:136) checkFontfile check /usr/share/fonts/cmap/adobe-korea1/UniKS-UTF32-H 
11 May 2026 06:19:57,599 DEBUG org.apache.fontbox.util.autodetect.FontFileFinder.walk(FontFileFinder.java:136) checkFontfile check /usr/share/fonts/cmap/adobe-korea1/UniKS-UTF16-V 
11 May 2026 06:19:57,599 DEBUG org.apache.fontbox.util.autodetect.FontFileFinder.walk(FontFileFinder.java:136) checkFontfile check /usr/share/fonts/cmap/adobe-korea1/Adobe-Korea1-UCS2 
11 May 2026 06:19:57,599 DEBUG org.apache.fontbox.util.autodetect.FontFileFinder.walk(FontFileFinder.java:136) checkFontfile check /usr/share/fonts/cmap/adobe-korea1/KSCpc-EUC-H 
11 May 2026 06:19:57,599 DEBUG org.apache.fontbox.util.autodetect.FontFileFinder.walk(FontFileFinder.java:136) checkFontfile check /usr/share/fonts/cmap/adobe-korea1/KSC-V 
11 May 2026 06:19:57,599 DEBUG org.apache.fontbox.util.autodetect.FontFileFinder.walk(FontFileFinder.java:136) checkFontfile check /usr/share/fonts/cmap/adobe-korea1/UCS2-KSCpc-EUC 
11 May 2026 06:19:57,599 DEBUG org.apache.fontbox.util.autodetect.FontFileFinder.walk(FontFileFinder.java:136) checkFontfile check /usr/share/fonts/cmap/adobe-korea1/Adobe-Korea1-2 
11 May 2026 06:19:57,599 DEBUG org.apache.fontbox.util.autodetect.FontFileFinder.walk(FontFileFinder.java:136) checkFontfile check /usr/share/fonts/cmap/adobe-korea1/KSCms-UHC-UCS2 
11 May 2026 06:19:57,599 DEBUG org.apache.fontbox.util.autodetect.FontFileFinder.walk(FontFileFinder.java:136) checkFontfile check /usr/share/fonts/cmap/adobe-korea1/KSCms-UHC-HW-V 
11 May 2026 06:19:57,599 DEBUG org.apache.fontbox.util.autodetect.FontFileFinder.walk(FontFileFinder.java:136) checkFontfile check /usr/share/fonts/cmap/adobe-korea1/UniKS-UCS2-V 
11 May 2026 06:19:57,599 DEBUG org.apache.fontbox.util.autodetect.FontFileFinder.walk(FontFileFinder.java:136) checkFontfile check /usr/share/fonts/cmap/adobe-korea1/UniKS-UTF32-V 
11 May 2026 06:19:57,599 DEBUG org.apache.fontbox.util.autodetect.FontFileFinder.walk(FontFileFinder.java:136) checkFontfile check /usr/share/fonts/cmap/adobe-korea1/Adobe-Korea1-H-Host 
11 May 2026 06:19:57,599 DEBUG org.apache.fontbox.util.autodetect.FontFileFinder.walk(FontFileFinder.java:136) checkFontfile check /usr/share/fonts/cmap/adobe-korea1/UniKS-UTF8-V 
11 May 2026 06:19:57,599 DEBUG org.apache.fontbox.util.autodetect.FontFileFinder.walk(FontFileFinder.java:136) checkFontfile check /usr/share/fonts/cmap/adobe-gb1/GB-H 
11 May 2026 06:19:57,599 DEBUG org.apache.fontbox.util.autodetect.FontFileFinder.walk(FontFileFinder.java:136) checkFontfile check /usr/share/fonts/cmap/adobe-gb1/GB-V 
11 May 2026 06:19:57,599 DEBUG org.apache.fontbox.util.autodetect.FontFileFinder.walk(FontFileFinder.java:136) checkFontfile check /usr/share/fonts/cmap/adobe-gb1/GB-EUC-H 
11 May 2026 06:19:57,599 DEBUG org.apache.fontbox.util.autodetect.FontFileFinder.walk(FontFileFinder.java:136) checkFontfile check /usr/share/fonts/cmap/adobe-gb1/UCS2-GBK-EUC 
11 May 2026 06:19:57,599 DEBUG org.apache.fontbox.util.autodetect.FontFileFinder.walk(FontFileFinder.java:136) checkFontfile check /usr/share/fonts/cmap/adobe-gb1/GBK2K-V 
11 May 2026 06:19:57,602 DEBUG org.apache.fontbox.util.autodetect.FontFileFinder.walk(FontFileFinder.java:136) checkFontfile check /usr/share/fonts/cmap/adobe-gb1/UniGB-UTF8-H 
11 May 2026 06:19:57,602 DEBUG org.apache.fontbox.util.autodetect.FontFileFinder.walk(FontFileFinder.java:136) checkFontfile check /usr/share/fonts/cmap/adobe-gb1/GBT-EUC-V 
11 May 2026 06:19:57,602 DEBUG org.apache.fontbox.util.autodetect.FontFileFinder.walk(FontFileFinder.java:136) checkFontfile check /usr/share/fonts/cmap/adobe-gb1/Adobe-GB1-2 
11 May 2026 06:19:57,602 DEBUG org.apache.fontbox.util.autodetect.FontFileFinder.walk(FontFileFinder.java:136) checkFontfile check /usr/share/fonts/cmap/adobe-gb1/Adobe-GB1-GBpc-EUC 
11 May 2026 06:19:57,602 DEBUG org.apache.fontbox.util.autodetect.FontFileFinder.walk(FontFileFinder.java:136) checkFontfile check /usr/share/fonts/cmap/adobe-gb1/Adobe-GB1-GBK-EUC 
11 May 2026 06:19:57,602 DEBUG org.apache.fontbox.util.autodetect.FontFileFinder.walk(FontFileFinder.java:136) checkFontfile check /usr/share/fonts/cmap/adobe-gb1/GBpc-EUC-H 
11 May 2026 06:19:57,602 DEBUG org.apache.fontbox.util.autodetect.FontFileFinder.walk(FontFileFinder.java:136) checkFontfile check /usr/share/fonts/cmap/adobe-gb1/UniGB-UTF32-H 
11 May 2026 06:19:57,602 DEBUG org.apache.fontbox.util.autodetect.FontFileFinder.walk(FontFileFinder.java:136) checkFontfile check /usr/share/fonts/cmap/adobe-gb1/UniGB-UCS2-H 
11 May 2026 06:19:57,602 DEBUG org.apache.fontbox.util.autodetect.FontFileFinder.walk(FontFileFinder.java:136) checkFontfile check /usr/share/fonts/cmap/adobe-gb1/GBpc-EUC-UCS2 
11 May 2026 06:19:57,602 DEBUG org.apache.fontbox.util.autodetect.FontFileFinder.walk(FontFileFinder.java:136) checkFontfile check /usr/share/fonts/cmap/adobe-gb1/GBT-H 
11 May 2026 06:19:57,602 DEBUG org.apache.fontbox.util.autodetect.FontFileFinder.walk(FontFileFinder.java:136) checkFontfile check /usr/share/fonts/cmap/adobe-gb1/GBpc-EUC-V 
11 May 2026 06:19:57,602 DEBUG org.apache.fontbox.util.autodetect.FontFileFinder.walk(FontFileFinder.java:136) checkFontfile check /usr/share/fonts/cmap/adobe-gb1/Adobe-GB1-UCS2 
11 May 2026 06:19:57,602 DEBUG org.apache.fontbox.util.autodetect.FontFileFinder.walk(FontFileFinder.java:136) checkFontfile check /usr/share/fonts/cmap/adobe-gb1/UniGB-UCS2-V 
11 May 2026 06:19:57,602 DEBUG org.apache.fontbox.util.autodetect.FontFileFinder.walk(FontFileFinder.java:136) checkFontfile check /usr/share/fonts/cmap/adobe-gb1/GBK2K-H 
11 May 2026 06:19:57,602 DEBUG org.apache.fontbox.util.autodetect.FontFileFinder.walk(FontFileFinder.java:136) checkFontfile check /usr/share/fonts/cmap/adobe-gb1/Adobe-GB1-H-CID 
11 May 2026 06:19:57,602 DEBUG org.apache.fontbox.util.autodetect.FontFileFinder.walk(FontFileFinder.java:136) checkFontfile check /usr/share/fonts/cmap/adobe-gb1/GBK-EUC-H 
11 May 2026 06:19:57,602 DEBUG org.apache.fontbox.util.autodetect.FontFileFinder.walk(FontFileFinder.java:136) checkFontfile check /usr/share/fonts/cmap/adobe-gb1/Adobe-GB1-1 
11 May 2026 06:19:57,602 DEBUG org.apache.fontbox.util.autodetect.FontFileFinder.walk(FontFileFinder.java:136) checkFontfile check /usr/share/fonts/cmap/adobe-gb1/GBKp-EUC-H 
11 May 2026 06:19:57,602 DEBUG org.apache.fontbox.util.autodetect.FontFileFinder.walk(FontFileFinder.java:136) checkFontfile check /usr/share/fonts/cmap/adobe-gb1/Adobe-GB1-0 
11 May 2026 06:19:57,602 DEBUG org.apache.fontbox.util.autodetect.FontFileFinder.walk(FontFileFinder.java:136) checkFontfile check /usr/share/fonts/cmap/adobe-gb1/GBT-EUC-H 
11 May 2026 06:19:57,602 DEBUG org.apache.fontbox.util.autodetect.FontFileFinder.walk(FontFileFinder.java:136) checkFontfile check /usr/share/fonts/cmap/adobe-gb1/UCS2-GBpc-EUC 
11 May 2026 06:19:57,602 DEBUG org.apache.fontbox.util.autodetect.FontFileFinder.walk(FontFileFinder.java:136) checkFontfile check /usr/share/fonts/cmap/adobe-gb1/Adobe-GB1-H-Host 
11 May 2026 06:19:57,602 DEBUG org.apache.fontbox.util.autodetect.FontFileFinder.walk(FontFileFinder.java:136) checkFontfile check /usr/share/fonts/cmap/adobe-gb1/Adobe-GB1-4 
11 May 2026 06:19:57,603 DEBUG org.apache.fontbox.util.autodetect.FontFileFinder.walk(FontFileFinder.java:136) checkFontfile check /usr/share/fonts/cmap/adobe-gb1/GB-EUC-V 
11 May 2026 06:19:57,603 DEBUG org.apache.fontbox.util.autodetect.FontFileFinder.walk(FontFileFinder.java:136) checkFontfile check /usr/share/fonts/cmap/adobe-gb1/UniGB-UTF32-V 
11 May 2026 06:19:57,603 DEBUG org.apache.fontbox.util.autodetect.FontFileFinder.walk(FontFileFinder.java:136) checkFontfile check /usr/share/fonts/cmap/adobe-gb1/Adobe-GB1-5 
11 May 2026 06:19:57,603 DEBUG org.apache.fontbox.util.autodetect.FontFileFinder.walk(FontFileFinder.java:136) checkFontfile check /usr/share/fonts/cmap/adobe-gb1/GBTpc-EUC-H 
11 May 2026 06:19:57,603 DEBUG org.apache.fontbox.util.autodetect.FontFileFinder.walk(FontFileFinder.java:136) checkFontfile check /usr/share/fonts/cmap/adobe-gb1/GBK-EUC-V 
11 May 2026 06:19:57,603 DEBUG org.apache.fontbox.util.autodetect.FontFileFinder.walk(FontFileFinder.java:136) checkFontfile check /usr/share/fonts/cmap/adobe-gb1/GBTpc-EUC-V 
11 May 2026 06:19:57,603 DEBUG org.apache.fontbox.util.autodetect.FontFileFinder.walk(FontFileFinder.java:136) checkFontfile check /usr/share/fonts/cmap/adobe-gb1/Adobe-GB1-H-Mac 
11 May 2026 06:19:57,603 DEBUG org.apache.fontbox.util.autodetect.FontFileFinder.walk(FontFileFinder.java:136) checkFontfile check /usr/share/fonts/cmap/adobe-gb1/UniGB-UTF8-V 
11 May 2026 06:19:57,603 DEBUG org.apache.fontbox.util.autodetect.FontFileFinder.walk(FontFileFinder.java:136) checkFontfile check /usr/share/fonts/cmap/adobe-gb1/GBT-V 
11 May 2026 06:19:57,605 DEBUG org.apache.fontbox.util.autodetect.FontFileFinder.walk(FontFileFinder.java:136) checkFontfile check /usr/share/fonts/cmap/adobe-gb1/GBKp-EUC-V 
11 May 2026 06:19:57,605 DEBUG org.apache.fontbox.util.autodetect.FontFileFinder.walk(FontFileFinder.java:136) checkFontfile check /usr/share/fonts/cmap/adobe-gb1/GBK-EUC-UCS2 
11 May 2026 06:19:57,605 DEBUG org.apache.fontbox.util.autodetect.FontFileFinder.walk(FontFileFinder.java:136) checkFontfile check /usr/share/fonts/cmap/adobe-gb1/UniGB-UTF16-H 
11 May 2026 06:19:57,605 DEBUG org.apache.fontbox.util.autodetect.FontFileFinder.walk(FontFileFinder.java:136) checkFontfile check /usr/share/fonts/cmap/adobe-gb1/UniGB-UTF16-V 
11 May 2026 06:19:57,605 DEBUG org.apache.fontbox.util.autodetect.FontFileFinder.walk(FontFileFinder.java:136) checkFontfile check /usr/share/fonts/cmap/adobe-gb1/GBpc-EUC-UCS2C 
11 May 2026 06:19:57,605 DEBUG org.apache.fontbox.util.autodetect.FontFileFinder.walk(FontFileFinder.java:136) checkFontfile check /usr/share/fonts/cmap/adobe-gb1/Adobe-GB1-3 
11 May 2026 06:19:57,605 DEBUG org.apache.fontbox.util.autodetect.FontFileFinder.walk(FontFileFinder.java:136) checkFontfile check /usr/share/fonts/cMap/Identity-UTF16-H 
11 May 2026 06:19:57,605 DEBUG org.apache.fontbox.util.autodetect.FontFileFinder.walk(FontFileFinder.java:136) checkFontfile check /usr/share/fonts/X11/util/map-ISO8859-1 
11 May 2026 06:19:57,605 DEBUG org.apache.fontbox.util.autodetect.FontFileFinder.walk(FontFileFinder.java:136) checkFontfile check /usr/share/fonts/X11/util/map-ISO8859-2 
11 May 2026 06:19:57,605 DEBUG org.apache.fontbox.util.autodetect.FontFileFinder.walk(FontFileFinder.java:136) checkFontfile check /usr/share/fonts/X11/util/map-ISO8859-6 
11 May 2026 06:19:57,605 DEBUG org.apache.fontbox.util.autodetect.FontFileFinder.walk(FontFileFinder.java:136) checkFontfile check /usr/share/fonts/X11/util/map-ISO8859-8 
11 May 2026 06:19:57,605 DEBUG org.apache.fontbox.util.autodetect.FontFileFinder.walk(FontFileFinder.java:136) checkFontfile check /usr/share/fonts/X11/util/map-JISX0201.1976-0 
11 May 2026 06:19:57,605 DEBUG org.apache.fontbox.util.autodetect.FontFileFinder.walk(FontFileFinder.java:136) checkFontfile check /usr/share/fonts/X11/util/map-ISO8859-10 
11 May 2026 06:19:57,605 DEBUG org.apache.fontbox.util.autodetect.FontFileFinder.walk(FontFileFinder.java:136) checkFontfile check /usr/share/fonts/X11/util/map-ISO8859-14 
11 May 2026 06:19:57,605 DEBUG org.apache.fontbox.util.autodetect.FontFileFinder.walk(FontFileFinder.java:136) checkFontfile check /usr/share/fonts/X11/util/map-ISO8859-13 
11 May 2026 06:19:57,605 DEBUG org.apache.fontbox.util.autodetect.FontFileFinder.walk(FontFileFinder.java:136) checkFontfile check /usr/share/fonts/X11/util/map-KOI8-R 
11 May 2026 06:19:57,605 DEBUG org.apache.fontbox.util.autodetect.FontFileFinder.walk(FontFileFinder.java:136) checkFontfile check /usr/share/fonts/X11/util/map-ISO8859-3 
11 May 2026 06:19:57,605 DEBUG org.apache.fontbox.util.autodetect.FontFileFinder.walk(FontFileFinder.java:136) checkFontfile check /usr/share/fonts/X11/util/map-ISO8859-16 
11 May 2026 06:19:57,605 DEBUG org.apache.fontbox.util.autodetect.FontFileFinder.walk(FontFileFinder.java:136) checkFontfile check /usr/share/fonts/X11/util/map-ISO8859-15 
11 May 2026 06:19:57,605 DEBUG org.apache.fontbox.util.autodetect.FontFileFinder.walk(FontFileFinder.java:136) checkFontfile check /usr/share/fonts/X11/util/map-ISO8859-5 
11 May 2026 06:19:57,605 DEBUG org.apache.fontbox.util.autodetect.FontFileFinder.walk(FontFileFinder.java:136) checkFontfile check /usr/share/fonts/X11/util/map-ISO8859-4 
11 May 2026 06:19:57,605 DEBUG org.apache.fontbox.util.autodetect.FontFileFinder.walk(FontFileFinder.java:136) checkFontfile check /usr/share/fonts/X11/util/map-ISO8859-7 
11 May 2026 06:19:57,605 DEBUG org.apache.fontbox.util.autodetect.FontFileFinder.walk(FontFileFinder.java:136) checkFontfile check /usr/share/fonts/X11/util/map-ISO8859-11 
11 May 2026 06:19:57,606 DEBUG org.apache.fontbox.util.autodetect.FontFileFinder.walk(FontFileFinder.java:136) checkFontfile check /usr/share/fonts/X11/util/map-ISO8859-9 
11 May 2026 06:19:57,606 DEBUG org.apache.fontbox.util.autodetect.FontFileFinder.walk(FontFileFinder.java:136) checkFontfile check /usr/share/fonts/X11/misc/9x18-ISO8859-11.pcf.gz 
11 May 2026 06:19:57,606 DEBUG org.apache.fontbox.util.autodetect.FontFileFinder.walk(FontFileFinder.java:136) checkFontfile check /usr/share/fonts/X11/misc/9x15-ISO8859-11.pcf.gz 
11 May 2026 06:19:57,606 DEBUG org.apache.fontbox.util.autodetect.FontFileFinder.walk(FontFileFinder.java:136) checkFontfile check /usr/share/fonts/X11/misc/9x18-KOI8-R.pcf.gz 
11 May 2026 06:19:57,606 DEBUG org.apache.fontbox.util.autodetect.FontFileFinder.walk(FontFileFinder.java:136) checkFontfile check /usr/share/fonts/X11/misc/6x13O-ISO8859-13.pcf.gz 
11 May 2026 06:19:57,606 DEBUG org.apache.fontbox.util.autodetect.FontFileFinder.walk(FontFileFinder.java:136) checkFontfile check /usr/share/fonts/X11/misc/7x14B-ISO8859-9.pcf.gz 
11 May 2026 06:19:57,606 DEBUG org.apache.fontbox.util.autodetect.FontFileFinder.walk(FontFileFinder.java:136) checkFontfile check /usr/share/fonts/X11/misc/fonts.dir 
11 May 2026 06:19:57,606 DEBUG org.apache.fontbox.util.autodetect.FontFileFinder.walk(FontFileFinder.java:136) checkFontfile check /usr/share/fonts/X11/misc/8x13B-ISO8859-2.pcf.gz 
11 May 2026 06:19:57,606 DEBUG org.apache.fontbox.util.autodetect.FontFileFinder.walk(FontFileFinder.java:136) checkFontfile check /usr/share/fonts/X11/misc/7x13B-ISO8859-16.pcf.gz 
11 May 2026 06:19:57,606 DEBUG org.apache.fontbox.util.autodetect.FontFileFinder.walk(FontFileFinder.java:136) checkFontfile check /usr/share/fonts/X11/misc/7x14-ISO8859-9.pcf.gz 
11 May 2026 06:19:57,606 DEBUG org.apache.fontbox.util.autodetect.FontFileFinder.walk(FontFileFinder.java:136) checkFontfile check /usr/share/fonts/X11/misc/10x20-ISO8859-14.pcf.gz 
11 May 2026 06:19:57,608 DEBUG org.apache.fontbox.util.autodetect.FontFileFinder.walk(FontFileFinder.java:136) checkFontfile check /usr/share/fonts/X11/misc/clR6x12-ISO8859-3.pcf.gz 
11 May 2026 06:19:57,608 DEBUG org.apache.fontbox.util.autodetect.FontFileFinder.walk(FontFileFinder.java:136) checkFontfile check /usr/share/fonts/X11/misc/4x6-ISO8859-3.pcf.gz 
11 May 2026 06:19:57,608 DEBUG org.apache.fontbox.util.autodetect.FontFileFinder.walk(FontFileFinder.java:136) checkFontfile check /usr/share/fonts/X11/misc/hanglg16.pcf.gz 
11 May 2026 06:19:57,608 DEBUG org.apache.fontbox.util.autodetect.FontFileFinder.walk(FontFileFinder.java:136) checkFontfile check /usr/share/fonts/X11/misc/7x14-ISO8859-4.pcf.gz 
11 May 2026 06:19:57,608 DEBUG org.apache.fontbox.util.autodetect.FontFileFinder.walk(FontFileFinder.java:136) checkFontfile check /usr/share/fonts/X11/misc/4x6-ISO8859-14.pcf.gz 
11 May 2026 06:19:57,608 DEBUG org.apache.fontbox.util.autodetect.FontFileFinder.walk(FontFileFinder.java:136) checkFontfile check /usr/share/fonts/X11/misc/clB9x15.pcf.gz 
11 May 2026 06:19:57,608 DEBUG org.apache.fontbox.util.autodetect.FontFileFinder.walk(FontFileFinder.java:136) checkFontfile check /usr/share/fonts/X11/misc/6x13O-ISO8859-9.pcf.gz 
11 May 2026 06:19:57,608 DEBUG org.apache.fontbox.util.autodetect.FontFileFinder.walk(FontFileFinder.java:136) checkFontfile check /usr/share/fonts/X11/misc/4x6-ISO8859-1.pcf.gz 
11 May 2026 06:19:57,608 DEBUG org.apache.fontbox.util.autodetect.FontFileFinder.walk(FontFileFinder.java:136) checkFontfile check /usr/share/fonts/X11/misc/10x20-KOI8-R.pcf.gz 
11 May 2026 06:19:57,608 DEBUG org.apache.fontbox.util.autodetect.FontFileFinder.walk(FontFileFinder.java:136) checkFontfile check /usr/share/fonts/X11/misc/9x15B-ISO8859-10.pcf.gz 
11 May 2026 06:19:57,608 DEBUG org.apache.fontbox.util.autodetect.FontFileFinder.walk(FontFileFinder.java:136) checkFontfile check /usr/share/fonts/X11/misc/8x13-ISO8859-14.pcf.gz 
11 May 2026 06:19:57,608 DEBUG org.apache.fontbox.util.autodetect.FontFileFinder.walk(FontFileFinder.java:136) checkFontfile check /usr/share/fonts/X11/misc/9x18-ISO8859-14.pcf.gz 
11 May 2026 06:19:57,608 DEBUG org.apache.fontbox.util.autodetect.FontFileFinder.walk(FontFileFinder.java:136) checkFontfile check /usr/share/fonts/X11/misc/arabic24.pcf.gz 
11 May 2026 06:19:57,608 DEBUG org.apache.fontbox.util.autodetect.FontFileFinder.walk(FontFileFinder.java:136) checkFontfile check /usr/share/fonts/X11/misc/jiskan16.pcf.gz 
11 May 2026 06:19:57,608 DEBUG org.apache.fontbox.util.autodetect.FontFileFinder.walk(FontFileFinder.java:136) checkFontfile check /usr/share/fonts/X11/misc/7x13-ISO8859-11.pcf.gz 
11 May 2026 06:19:57,609 DEBUG org.apache.fontbox.util.autodetect.FontFileFinder.walk(FontFileFinder.java:136) checkFontfile check /usr/share/fonts/X11/misc/6x12.pcf.gz 
11 May 2026 06:19:57,609 DEBUG org.apache.fontbox.util.autodetect.FontFileFinder.walk(FontFileFinder.java:136) checkFontfile check /usr/share/fonts/X11/misc/6x13B-ISO8859-5.pcf.gz 
11 May 2026 06:19:57,609 DEBUG org.apache.fontbox.util.autodetect.FontFileFinder.walk(FontFileFinder.java:136) checkFontfile check /usr/share/fonts/X11/misc/7x14-KOI8-R.pcf.gz 
11 May 2026 06:19:57,609 DEBUG org.apache.fontbox.util.autodetect.FontFileFinder.walk(FontFileFinder.java:136) checkFontfile check /usr/share/fonts/X11/misc/clR6x12-ISO8859-9.pcf.gz 
11 May 2026 06:19:57,609 DEBUG org.apache.fontbox.util.autodetect.FontFileFinder.walk(FontFileFinder.java:136) checkFontfile check /usr/share/fonts/X11/misc/7x13B-ISO8859-3.pcf.gz 
11 May 2026 06:19:57,609 DEBUG org.apache.fontbox.util.autodetect.FontFileFinder.walk(FontFileFinder.java:136) checkFontfile check /usr/share/fonts/X11/misc/5x8-ISO8859-16.pcf.gz 
11 May 2026 06:19:57,609 DEBUG org.apache.fontbox.util.autodetect.FontFileFinder.walk(FontFileFinder.java:136) checkFontfile check /usr/share/fonts/X11/misc/cuarabic12.pcf.gz 
11 May 2026 06:19:57,609 DEBUG org.apache.fontbox.util.autodetect.FontFileFinder.walk(FontFileFinder.java:136) checkFontfile check /usr/share/fonts/X11/misc/7x14-JISX0201.1976-0.pcf.gz 
11 May 2026 06:19:57,609 DEBUG org.apache.fontbox.util.autodetect.FontFileFinder.walk(FontFileFinder.java:136) checkFontfile check /usr/share/fonts/X11/misc/6x13B-ISO8859-7.pcf.gz 
11 May 2026 06:19:57,609 DEBUG org.apache.fontbox.util.autodetect.FontFileFinder.walk(FontFileFinder.java:136) checkFontfile check /usr/share/fonts/X11/misc/7x13B-ISO8859-9.pcf.gz 
11 May 2026 06:19:57,609 DEBUG org.apache.fontbox.util.autodetect.FontFileFinder.walk(FontFileFinder.java:136) checkFontfile check /usr/share/fonts/X11/misc/8x13O-ISO8859-3.pcf.gz 
11 May 2026 06:19:57,609 DEBUG org.apache.fontbox.util.autodetect.FontFileFinder.walk(FontFileFinder.java:136) checkFontfile check /usr/share/fonts/X11/misc/cudevnag12.pcf.gz 
11 May 2026 06:19:57,609 DEBUG org.apache.fontbox.util.autodetect.FontFileFinder.walk(FontFileFinder.java:136) checkFontfile check /usr/share/fonts/X11/misc/clR6x12-ISO8859-10.pcf.gz 
11 May 2026 06:19:57,609 DEBUG org.apache.fontbox.util.autodetect.FontFileFinder.walk(FontFileFinder.java:136) checkFontfile check /usr/share/fonts/X11/misc/7x14B-ISO8859-14.pcf.gz 
11 May 2026 06:19:57,609 DEBUG org.apache.fontbox.util.autodetect.FontFileFinder.walk(FontFileFinder.java:136) checkFontfile check /usr/share/fonts/X11/misc/9x18-ISO8859-9.pcf.gz 
11 May 2026 06:19:57,609 DEBUG org.apache.fontbox.util.autodetect.FontFileFinder.walk(FontFileFinder.java:136) checkFontfile check /usr/share/fonts/X11/misc/9x18B-ISO8859-2.pcf.gz 
11 May 2026 06:19:57,609 DEBUG org.apache.fontbox.util.autodetect.FontFileFinder.walk(FontFileFinder.java:136) checkFontfile check /usr/share/fonts/X11/misc/7x13-ISO8859-14.pcf.gz 
11 May 2026 06:19:57,609 DEBUG org.apache.fontbox.util.autodetect.FontFileFinder.walk(FontFileFinder.java:136) checkFontfile check /usr/share/fonts/X11/misc/5x8-ISO8859-13.pcf.gz 
11 May 2026 06:19:57,609 DEBUG org.apache.fontbox.util.autodetect.FontFileFinder.walk(FontFileFinder.java:136) checkFontfile check /usr/share/fonts/X11/misc/9x15B-ISO8859-3.pcf.gz 
11 May 2026 06:19:57,609 DEBUG org.apache.fontbox.util.autodetect.FontFileFinder.walk(FontFileFinder.java:136) checkFontfile check /usr/share/fonts/X11/misc/6x9-ISO8859-14.pcf.gz 
11 May 2026 06:19:57,609 DEBUG org.apache.fontbox.util.autodetect.FontFileFinder.walk(FontFileFinder.java:136) checkFontfile check /usr/share/fonts/X11/misc/6x10-ISO8859-1.pcf.gz 
11 May 2026 06:19:57,609 DEBUG org.apache.fontbox.util.autodetect.FontFileFinder.walk(FontFileFinder.java:136) checkFontfile check /usr/share/fonts/X11/misc/8x13B-ISO8859-13.pcf.gz 
11 May 2026 06:19:57,609 DEBUG org.apache.fontbox.util.autodetect.FontFileFinder.walk(FontFileFinder.java:136) checkFontfile check /usr/share/fonts/X11/misc/8x13-ISO8859-13.pcf.gz 
11 May 2026 06:19:57,609 DEBUG org.apache.fontbox.util.autodetect.FontFileFinder.walk(FontFileFinder.java:136) checkFontfile check /usr/share/fonts/X11/misc/nil2.pcf.gz 
11 May 2026 06:19:57,609 DEBUG org.apache.fontbox.util.autodetect.FontFileFinder.walk(FontFileFinder.java:136) checkFontfile check /usr/share/fonts/X11/misc/6x13-ISO8859-11.pcf.gz 
11 May 2026 06:19:57,611 DEBUG org.apache.fontbox.util.autodetect.FontFileFinder.walk(FontFileFinder.java:136) checkFontfile check /usr/share/fonts/X11/misc/8x13B-ISO8859-8.pcf.gz 
11 May 2026 06:19:57,611 DEBUG org.apache.fontbox.util.autodetect.FontFileFinder.walk(FontFileFinder.java:136) checkFontfile check /usr/share/fonts/X11/misc/6x13-KOI8-R.pcf.gz 
11 May 2026 06:19:57,611 DEBUG org.apache.fontbox.util.autodetect.FontFileFinder.walk(FontFileFinder.java:136) checkFontfile check /usr/share/fonts/X11/misc/4x6-KOI8-R.pcf.gz 
11 May 2026 06:19:57,611 DEBUG org.apache.fontbox.util.autodetect.FontFileFinder.walk(FontFileFinder.java:136) checkFontfile check /usr/share/fonts/X11/misc/9x18-ISO8859-1.pcf.gz 
11 May 2026 06:19:57,611 DEBUG org.apache.fontbox.util.autodetect.FontFileFinder.walk(FontFileFinder.java:136) checkFontfile check /usr/share/fonts/X11/misc/6x10-ISO8859-13.pcf.gz 
11 May 2026 06:19:57,611 DEBUG org.apache.fontbox.util.autodetect.FontFileFinder.walk(FontFileFinder.java:136) checkFontfile check /usr/share/fonts/X11/misc/4x6-ISO8859-8.pcf.gz 
11 May 2026 06:19:57,611 DEBUG org.apache.fontbox.util.autodetect.FontFileFinder.walk(FontFileFinder.java:136) checkFontfile check /usr/share/fonts/X11/misc/micro.pcf.gz 
11 May 2026 06:19:57,612 DEBUG org.apache.fontbox.util.autodetect.FontFileFinder.walk(FontFileFinder.java:136) checkFontfile check /usr/share/fonts/X11/misc/4x6.pcf.gz 
11 May 2026 06:19:57,612 DEBUG org.apache.fontbox.util.autodetect.FontFileFinder.walk(FontFileFinder.java:136) checkFontfile check /usr/share/fonts/X11/misc/10x20-ISO8859-16.pcf.gz 
11 May 2026 06:19:57,612 DEBUG org.apache.fontbox.util.autodetect.FontFileFinder.walk(FontFileFinder.java:136) checkFontfile check /usr/share/fonts/X11/misc/6x13O-ISO8859-15.pcf.gz 
11 May 2026 06:19:57,612 DEBUG org.apache.fontbox.util.autodetect.FontFileFinder.walk(FontFileFinder.java:136) checkFontfile check /usr/share/fonts/X11/misc/8x13B-ISO8859-16.pcf.gz 
11 May 2026 06:19:57,612 DEBUG org.apache.fontbox.util.autodetect.FontFileFinder.walk(FontFileFinder.java:136) checkFontfile check /usr/share/fonts/X11/misc/5x8-ISO8859-1.pcf.gz 
11 May 2026 06:19:57,612 DEBUG org.apache.fontbox.util.autodetect.FontFileFinder.walk(FontFileFinder.java:136) checkFontfile check /usr/share/fonts/X11/misc/10x20.pcf.gz 
11 May 2026 06:19:57,612 DEBUG org.apache.fontbox.util.autodetect.FontFileFinder.walk(FontFileFinder.java:136) checkFontfile check /usr/share/fonts/X11/misc/8x13B-ISO8859-14.pcf.gz 
11 May 2026 06:19:57,612 DEBUG org.apache.fontbox.util.autodetect.FontFileFinder.walk(FontFileFinder.java:136) checkFontfile check /usr/share/fonts/X11/misc/6x12-ISO8859-5.pcf.gz 
11 May 2026 06:19:57,612 DEBUG org.apache.fontbox.util.autodetect.FontFileFinder.walk(FontFileFinder.java:136) checkFontfile check /usr/share/fonts/X11/misc/9x18-ISO8859-8.pcf.gz 
11 May 2026 06:19:57,612 DEBUG org.apache.fontbox.util.autodetect.FontFileFinder.walk(FontFileFinder.java:136) checkFontfile check /usr/share/fonts/X11/misc/7x14-ISO8859-11.pcf.gz 
11 May 2026 06:19:57,612 DEBUG org.apache.fontbox.util.autodetect.FontFileFinder.walk(FontFileFinder.java:136) checkFontfile check /usr/share/fonts/X11/misc/6x13-ISO8859-16.pcf.gz 
11 May 2026 06:19:57,612 DEBUG org.apache.fontbox.util.autodetect.FontFileFinder.walk(FontFileFinder.java:136) checkFontfile check /usr/share/fonts/X11/misc/9x15-ISO8859-3.pcf.gz 
11 May 2026 06:19:57,612 DEBUG org.apache.fontbox.util.autodetect.FontFileFinder.walk(FontFileFinder.java:136) checkFontfile check /usr/share/fonts/X11/misc/8x13B-ISO8859-9.pcf.gz 
11 May 2026 06:19:57,612 DEBUG org.apache.fontbox.util.autodetect.FontFileFinder.walk(FontFileFinder.java:136) checkFontfile check /usr/share/fonts/X11/misc/6x9-ISO8859-10.pcf.gz 
11 May 2026 06:19:57,612 DEBUG org.apache.fontbox.util.autodetect.FontFileFinder.walk(FontFileFinder.java:136) checkFontfile check /usr/share/fonts/X11/misc/5x7-KOI8-R.pcf.gz 
11 May 2026 06:19:57,612 DEBUG org.apache.fontbox.util.autodetect.FontFileFinder.walk(FontFileFinder.java:136) checkFontfile check /usr/share/fonts/X11/misc/5x8.pcf.gz 
11 May 2026 06:19:57,612 DEBUG org.apache.fontbox.util.autodetect.FontFileFinder.walk(FontFileFinder.java:136) checkFontfile check /usr/share/fonts/X11/misc/5x8-ISO8859-4.pcf.gz 
11 May 2026 06:19:57,612 DEBUG org.apache.fontbox.util.autodetect.FontFileFinder.walk(FontFileFinder.java:136) checkFontfile check /usr/share/fonts/X11/misc/7x13B-ISO8859-4.pcf.gz 
11 May 2026 06:19:57,612 DEBUG org.apache.fontbox.util.autodetect.FontFileFinder.walk(FontFileFinder.java:136) checkFontfile check /usr/share/fonts/X11/misc/6x10-ISO8859-3.pcf.gz 
11 May 2026 06:19:57,612 DEBUG org.apache.fontbox.util.autodetect.FontFileFinder.walk(FontFileFinder.java:136) checkFontfile check /usr/share/fonts/X11/misc/12x13ja.pcf.gz 
11 May 2026 06:19:57,612 DEBUG org.apache.fontbox.util.autodetect.FontFileFinder.walk(FontFileFinder.java:136) checkFontfile check /usr/share/fonts/X11/misc/7x14-ISO8859-1.pcf.gz 
11 May 2026 06:19:57,612 DEBUG org.apache.fontbox.util.autodetect.FontFileFinder.walk(FontFileFinder.java:136) checkFontfile check /usr/share/fonts/X11/misc/8x13O-ISO8859-16.pcf.gz 
11 May 2026 06:19:57,612 DEBUG org.apache.fontbox.util.autodetect.FontFileFinder.walk(FontFileFinder.java:136) checkFontfile check /usr/share/fonts/X11/misc/8x13B-ISO8859-15.pcf.gz 
11 May 2026 06:19:57,612 DEBUG org.apache.fontbox.util.autodetect.FontFileFinder.walk(FontFileFinder.java:136) checkFontfile check /usr/share/fonts/X11/misc/9x15-ISO8859-2.pcf.gz 
11 May 2026 06:19:57,613 DEBUG org.apache.fontbox.util.autodetect.FontFileFinder.walk(FontFileFinder.java:136) checkFontfile check /usr/share/fonts/X11/misc/9x18B-ISO8859-5.pcf.gz 
11 May 2026 06:19:57,613 DEBUG org.apache.fontbox.util.autodetect.FontFileFinder.walk(FontFileFinder.java:136) checkFontfile check /usr/share/fonts/X11/misc/cu-arabic12.pcf.gz 
11 May 2026 06:19:57,613 DEBUG org.apache.fontbox.util.autodetect.FontFileFinder.walk(FontFileFinder.java:136) checkFontfile check /usr/share/fonts/X11/misc/hanglm16.pcf.gz 
11 May 2026 06:19:57,613 DEBUG org.apache.fontbox.util.autodetect.FontFileFinder.walk(FontFileFinder.java:136) checkFontfile check /usr/share/fonts/X11/misc/9x18.pcf.gz 
11 May 2026 06:19:57,613 DEBUG org.apache.fontbox.util.autodetect.FontFileFinder.walk(FontFileFinder.java:136) checkFontfile check /usr/share/fonts/X11/misc/10x20-ISO8859-1.pcf.gz 
11 May 2026 06:19:57,613 DEBUG org.apache.fontbox.util.autodetect.FontFileFinder.walk(FontFileFinder.java:136) checkFontfile check /usr/share/fonts/X11/misc/7x14-ISO8859-5.pcf.gz 
11 May 2026 06:19:57,613 DEBUG org.apache.fontbox.util.autodetect.FontFileFinder.walk(FontFileFinder.java:136) checkFontfile check /usr/share/fonts/X11/misc/5x7-ISO8859-4.pcf.gz 
11 May 2026 06:19:57,613 DEBUG org.apache.fontbox.util.autodetect.FontFileFinder.walk(FontFileFinder.java:136) checkFontfile check /usr/share/fonts/X11/misc/4x6-ISO8859-16.pcf.gz 
11 May 2026 06:19:57,613 DEBUG org.apache.fontbox.util.autodetect.FontFileFinder.walk(FontFileFinder.java:136) checkFontfile check /usr/share/fonts/X11/misc/6x13O.pcf.gz 
11 May 2026 06:19:57,615 DEBUG org.apache.fontbox.util.autodetect.FontFileFinder.walk(FontFileFinder.java:136) checkFontfile check /usr/share/fonts/X11/misc/6x9-ISO8859-1.pcf.gz 
11 May 2026 06:19:57,615 DEBUG org.apache.fontbox.util.autodetect.FontFileFinder.walk(FontFileFinder.java:136) checkFontfile check /usr/share/fonts/X11/misc/6x9-ISO8859-13.pcf.gz 
11 May 2026 06:19:57,615 DEBUG org.apache.fontbox.util.autodetect.FontFileFinder.walk(FontFileFinder.java:136) checkFontfile check /usr/share/fonts/X11/misc/olgl10.pcf.gz 
11 May 2026 06:19:57,615 DEBUG org.apache.fontbox.util.autodetect.FontFileFinder.walk(FontFileFinder.java:136) checkFontfile check /usr/share/fonts/X11/misc/4x6-ISO8859-2.pcf.gz 
11 May 2026 06:19:57,615 DEBUG org.apache.fontbox.util.autodetect.FontFileFinder.walk(FontFileFinder.java:136) checkFontfile check /usr/share/fonts/X11/misc/6x13-ISO8859-1.pcf.gz 
11 May 2026 06:19:57,615 DEBUG org.apache.fontbox.util.autodetect.FontFileFinder.walk(FontFileFinder.java:136) checkFontfile check /usr/share/fonts/X11/misc/10x20-ISO8859-15.pcf.gz 
11 May 2026 06:19:57,615 DEBUG org.apache.fontbox.util.autodetect.FontFileFinder.walk(FontFileFinder.java:136) checkFontfile check /usr/share/fonts/X11/misc/7x13O-ISO8859-10.pcf.gz 
11 May 2026 06:19:57,615 DEBUG org.apache.fontbox.util.autodetect.FontFileFinder.walk(FontFileFinder.java:136) checkFontfile check /usr/share/fonts/X11/misc/8x16.pcf.gz 
11 May 2026 06:19:57,615 DEBUG org.apache.fontbox.util.autodetect.FontFileFinder.walk(FontFileFinder.java:136) checkFontfile check /usr/share/fonts/X11/misc/4x6-ISO8859-15.pcf.gz 
11 May 2026 06:19:57,615 DEBUG org.apache.fontbox.util.autodetect.FontFileFinder.walk(FontFileFinder.java:136) checkFontfile check /usr/share/fonts/X11/misc/7x14-ISO8859-14.pcf.gz 
11 May 2026 06:19:57,615 DEBUG org.apache.fontbox.util.autodetect.FontFileFinder.walk(FontFileFinder.java:136) checkFontfile check /usr/share/fonts/X11/misc/9x15-ISO8859-8.pcf.gz 
11 May 2026 06:19:57,615 DEBUG org.apache.fontbox.util.autodetect.FontFileFinder.walk(FontFileFinder.java:136) checkFontfile check /usr/share/fonts/X11/misc/9x15B-ISO8859-7.pcf.gz 
11 May 2026 06:19:57,615 DEBUG org.apache.fontbox.util.autodetect.FontFileFinder.walk(FontFileFinder.java:136) checkFontfile check /usr/share/fonts/X11/misc/9x18-ISO8859-10.pcf.gz 
11 May 2026 06:19:57,615 DEBUG org.apache.fontbox.util.autodetect.FontFileFinder.walk(FontFileFinder.java:136) checkFontfile check /usr/share/fonts/X11/misc/5x7-ISO8859-15.pcf.gz 
11 May 2026 06:19:57,615 DEBUG org.apache.fontbox.util.autodetect.FontFileFinder.walk(FontFileFinder.java:136) checkFontfile check /usr/share/fonts/X11/misc/4x6-ISO8859-13.pcf.gz 
11 May 2026 06:19:57,615 DEBUG org.apache.fontbox.util.autodetect.FontFileFinder.walk(FontFileFinder.java:136) checkFontfile check /usr/share/fonts/X11/misc/9x15-ISO8859-9.pcf.gz 
11 May 2026 06:19:57,615 DEBUG org.apache.fontbox.util.autodetect.FontFileFinder.walk(FontFileFinder.java:136) checkFontfile check /usr/share/fonts/X11/misc/5x8-ISO8859-5.pcf.gz 
11 May 2026 06:19:57,615 DEBUG org.apache.fontbox.util.autodetect.FontFileFinder.walk(FontFileFinder.java:136) checkFontfile check /usr/share/fonts/X11/misc/6x12-ISO8859-7.pcf.gz 
11 May 2026 06:19:57,615 DEBUG org.apache.fontbox.util.autodetect.FontFileFinder.walk(FontFileFinder.java:136) checkFontfile check /usr/share/fonts/X11/misc/cu-lig12.pcf.gz 
11 May 2026 06:19:57,615 DEBUG org.apache.fontbox.util.autodetect.FontFileFinder.walk(FontFileFinder.java:136) checkFontfile check /usr/share/fonts/X11/misc/clR6x8.pcf.gz 
11 May 2026 06:19:57,616 DEBUG org.apache.fontbox.util.autodetect.FontFileFinder.walk(FontFileFinder.java:136) checkFontfile check /usr/share/fonts/X11/misc/4x6-ISO8859-4.pcf.gz 
11 May 2026 06:19:57,616 DEBUG org.apache.fontbox.util.autodetect.FontFileFinder.walk(FontFileFinder.java:136) checkFontfile check /usr/share/fonts/X11/misc/9x15.pcf.gz 
11 May 2026 06:19:57,616 DEBUG org.apache.fontbox.util.autodetect.FontFileFinder.walk(FontFileFinder.java:136) checkFontfile check /usr/share/fonts/X11/misc/9x15B-ISO8859-13.pcf.gz 
11 May 2026 06:19:57,616 DEBUG org.apache.fontbox.util.autodetect.FontFileFinder.walk(FontFileFinder.java:136) checkFontfile check /usr/share/fonts/X11/misc/8x13-KOI8-R.pcf.gz 
11 May 2026 06:19:57,616 DEBUG org.apache.fontbox.util.autodetect.FontFileFinder.walk(FontFileFinder.java:136) checkFontfile check /usr/share/fonts/X11/misc/7x13B-ISO8859-11.pcf.gz 
11 May 2026 06:19:57,616 DEBUG org.apache.fontbox.util.autodetect.FontFileFinder.walk(FontFileFinder.java:136) checkFontfile check /usr/share/fonts/X11/misc/9x15-ISO8859-4.pcf.gz 
11 May 2026 06:19:57,616 DEBUG org.apache.fontbox.util.autodetect.FontFileFinder.walk(FontFileFinder.java:136) checkFontfile check /usr/share/fonts/X11/misc/9x15B-ISO8859-5.pcf.gz 
11 May 2026 06:19:57,616 DEBUG org.apache.fontbox.util.autodetect.FontFileFinder.walk(FontFileFinder.java:136) checkFontfile check /usr/share/fonts/X11/misc/gb16fs.pcf.gz 
11 May 2026 06:19:57,616 DEBUG org.apache.fontbox.util.autodetect.FontFileFinder.walk(FontFileFinder.java:136) checkFontfile check /usr/share/fonts/X11/misc/5x8-ISO8859-3.pcf.gz 
11 May 2026 06:19:57,616 DEBUG org.apache.fontbox.util.autodetect.FontFileFinder.walk(FontFileFinder.java:136) checkFontfile check /usr/share/fonts/X11/misc/6x13O-ISO8859-4.pcf.gz 
11 May 2026 06:19:57,616 DEBUG org.apache.fontbox.util.autodetect.FontFileFinder.walk(FontFileFinder.java:136) checkFontfile check /usr/share/fonts/X11/misc/clR6x12-ISO8859-15.pcf.gz 
11 May 2026 06:19:57,616 DEBUG org.apache.fontbox.util.autodetect.FontFileFinder.walk(FontFileFinder.java:136) checkFontfile check /usr/share/fonts/X11/misc/fonts.alias 
11 May 2026 06:19:57,616 DEBUG org.apache.fontbox.util.autodetect.FontFileFinder.walk(FontFileFinder.java:136) checkFontfile check /usr/share/fonts/X11/misc/7x13B-ISO8859-1.pcf.gz 
11 May 2026 06:19:57,616 DEBUG org.apache.fontbox.util.autodetect.FontFileFinder.walk(FontFileFinder.java:136) checkFontfile check /usr/share/fonts/X11/misc/clR6x12-ISO8859-1.pcf.gz 
11 May 2026 06:19:57,616 DEBUG org.apache.fontbox.util.autodetect.FontFileFinder.walk(FontFileFinder.java:136) checkFontfile check /usr/share/fonts/X11/misc/9x15B-ISO8859-11.pcf.gz 
11 May 2026 06:19:57,616 DEBUG org.apache.fontbox.util.autodetect.FontFileFinder.walk(FontFileFinder.java:136) checkFontfile check /usr/share/fonts/X11/misc/8x13-ISO8859-15.pcf.gz 
11 May 2026 06:19:57,616 DEBUG org.apache.fontbox.util.autodetect.FontFileFinder.walk(FontFileFinder.java:136) checkFontfile check /usr/share/fonts/X11/misc/7x13-ISO8859-9.pcf.gz 
11 May 2026 06:19:57,616 DEBUG org.apache.fontbox.util.autodetect.FontFileFinder.walk(FontFileFinder.java:136) checkFontfile check /usr/share/fonts/X11/misc/clR8x12.pcf.gz 
11 May 2026 06:19:57,616 DEBUG org.apache.fontbox.util.autodetect.FontFileFinder.walk(FontFileFinder.java:136) checkFontfile check /usr/share/fonts/X11/misc/7x13-ISO8859-4.pcf.gz 
11 May 2026 06:19:57,616 DEBUG org.apache.fontbox.util.autodetect.FontFileFinder.walk(FontFileFinder.java:136) checkFontfile check /usr/share/fonts/X11/misc/9x18-ISO8859-4.pcf.gz 
11 May 2026 06:19:57,616 DEBUG org.apache.fontbox.util.autodetect.FontFileFinder.walk(FontFileFinder.java:136) checkFontfile check /usr/share/fonts/X11/misc/9x15-ISO8859-13.pcf.gz 
11 May 2026 06:19:57,616 DEBUG org.apache.fontbox.util.autodetect.FontFileFinder.walk(FontFileFinder.java:136) checkFontfile check /usr/share/fonts/X11/misc/7x13-ISO8859-5.pcf.gz 
11 May 2026 06:19:57,616 DEBUG org.apache.fontbox.util.autodetect.FontFileFinder.walk(FontFileFinder.java:136) checkFontfile check /usr/share/fonts/X11/misc/6x13-ISO8859-2.pcf.gz 
11 May 2026 06:19:57,616 DEBUG org.apache.fontbox.util.autodetect.FontFileFinder.walk(FontFileFinder.java:136) checkFontfile check /usr/share/fonts/X11/misc/4x6-ISO8859-9.pcf.gz 
11 May 2026 06:19:57,616 DEBUG org.apache.fontbox.util.autodetect.FontFileFinder.walk(FontFileFinder.java:136) checkFontfile check /usr/share/fonts/X11/misc/6x10-ISO8859-14.pcf.gz 
11 May 2026 06:19:57,616 DEBUG org.apache.fontbox.util.autodetect.FontFileFinder.walk(FontFileFinder.java:136) checkFontfile check /usr/share/fonts/X11/misc/5x7-ISO8859-8.pcf.gz 
11 May 2026 06:19:57,616 DEBUG org.apache.fontbox.util.autodetect.FontFileFinder.walk(FontFileFinder.java:136) checkFontfile check /usr/share/fonts/X11/misc/5x7.pcf.gz 
11 May 2026 06:19:57,620 DEBUG org.apache.fontbox.util.autodetect.FontFileFinder.walk(FontFileFinder.java:136) checkFontfile check /usr/share/fonts/X11/misc/gb24st.pcf.gz 
11 May 2026 06:19:57,620 DEBUG org.apache.fontbox.util.autodetect.FontFileFinder.walk(FontFileFinder.java:136) checkFontfile check /usr/share/fonts/X11/misc/9x15-ISO8859-16.pcf.gz 
11 May 2026 06:19:57,620 DEBUG org.apache.fontbox.util.autodetect.FontFileFinder.walk(FontFileFinder.java:136) checkFontfile check /usr/share/fonts/X11/misc/18x18ja.pcf.gz 
11 May 2026 06:19:57,620 DEBUG org.apache.fontbox.util.autodetect.FontFileFinder.walk(FontFileFinder.java:136) checkFontfile check /usr/share/fonts/X11/misc/clI6x12.pcf.gz 
11 May 2026 06:19:57,620 DEBUG org.apache.fontbox.util.autodetect.FontFileFinder.walk(FontFileFinder.java:136) checkFontfile check /usr/share/fonts/X11/misc/10x20-ISO8859-2.pcf.gz 
11 May 2026 06:19:57,620 DEBUG org.apache.fontbox.util.autodetect.FontFileFinder.walk(FontFileFinder.java:136) checkFontfile check /usr/share/fonts/X11/misc/clR6x13.pcf.gz 
11 May 2026 06:19:57,620 DEBUG org.apache.fontbox.util.autodetect.FontFileFinder.walk(FontFileFinder.java:136) checkFontfile check /usr/share/fonts/X11/misc/8x13B-ISO8859-3.pcf.gz 
11 May 2026 06:19:57,620 DEBUG org.apache.fontbox.util.autodetect.FontFileFinder.walk(FontFileFinder.java:136) checkFontfile check /usr/share/fonts/X11/misc/7x13O-ISO8859-9.pcf.gz 
11 May 2026 06:19:57,620 DEBUG org.apache.fontbox.util.autodetect.FontFileFinder.walk(FontFileFinder.java:136) checkFontfile check /usr/share/fonts/X11/misc/olcursor.pcf.gz 
11 May 2026 06:19:57,620 DEBUG org.apache.fontbox.util.autodetect.FontFileFinder.walk(FontFileFinder.java:136) checkFontfile check /usr/share/fonts/X11/misc/7x14-ISO8859-16.pcf.gz 
11 May 2026 06:19:57,620 DEBUG org.apache.fontbox.util.autodetect.FontFileFinder.walk(FontFileFinder.java:136) checkFontfile check /usr/share/fonts/X11/misc/6x10-ISO8859-15.pcf.gz 
11 May 2026 06:19:57,620 DEBUG org.apache.fontbox.util.autodetect.FontFileFinder.walk(FontFileFinder.java:136) checkFontfile check /usr/share/fonts/X11/misc/8x13-ISO8859-10.pcf.gz 
11 May 2026 06:19:57,620 DEBUG org.apache.fontbox.util.autodetect.FontFileFinder.walk(FontFileFinder.java:136) checkFontfile check /usr/share/fonts/X11/misc/k14.pcf.gz 
11 May 2026 06:19:57,620 DEBUG org.apache.fontbox.util.autodetect.FontFileFinder.walk(FontFileFinder.java:136) checkFontfile check /usr/share/fonts/X11/misc/clR5x8.pcf.gz 
11 May 2026 06:19:57,620 DEBUG org.apache.fontbox.util.autodetect.FontFileFinder.walk(FontFileFinder.java:136) checkFontfile check /usr/share/fonts/X11/misc/8x13-ISO8859-5.pcf.gz 
11 May 2026 06:19:57,620 DEBUG org.apache.fontbox.util.autodetect.FontFileFinder.walk(FontFileFinder.java:136) checkFontfile check /usr/share/fonts/X11/misc/6x9-ISO8859-9.pcf.gz 
11 May 2026 06:19:57,620 DEBUG org.apache.fontbox.util.autodetect.FontFileFinder.walk(FontFileFinder.java:136) checkFontfile check /usr/share/fonts/X11/misc/7x14-ISO8859-10.pcf.gz 
11 May 2026 06:19:57,620 DEBUG org.apache.fontbox.util.autodetect.FontFileFinder.walk(FontFileFinder.java:136) checkFontfile check /usr/share/fonts/X11/misc/clR6x12-ISO8859-13.pcf.gz 
11 May 2026 06:19:57,620 DEBUG org.apache.fontbox.util.autodetect.FontFileFinder.walk(FontFileFinder.java:136) checkFontfile check /usr/share/fonts/X11/misc/8x13-ISO8859-9.pcf.gz 
11 May 2026 06:19:57,620 DEBUG org.apache.fontbox.util.autodetect.FontFileFinder.walk(FontFileFinder.java:136) checkFontfile check /usr/share/fonts/X11/misc/6x13O-ISO8859-7.pcf.gz 
11 May 2026 06:19:57,620 DEBUG org.apache.fontbox.util.autodetect.FontFileFinder.walk(FontFileFinder.java:136) checkFontfile check /usr/share/fonts/X11/misc/clR8x14.pcf.gz 
[...]
11 May 2026 06:20:01,907 DEBUG org.apache.pdfbox.io.ScratchFile.enlarge(ScratchFile.java:251) fileLen before: 3735552, raf length: 3735552, file length: 3735552 
11 May 2026 06:20:01,907 DEBUG org.apache.pdfbox.io.ScratchFile.enlarge(ScratchFile.java:259) fileLen after1: 3801088, raf length: 3801088, file length: 3801088 
11 May 2026 06:20:01,955 DEBUG org.apache.pdfbox.io.ScratchFile.enlarge(ScratchFile.java:250) file: /tmp/PDFBox11954424627635544574.tmp 
11 May 2026 06:20:01,956 DEBUG org.apache.pdfbox.io.ScratchFile.enlarge(ScratchFile.java:251) fileLen before: 3801088, raf length: 3801088, file length: 3801088 
11 May 2026 06:20:01,956 DEBUG org.apache.pdfbox.io.ScratchFile.enlarge(ScratchFile.java:259) fileLen after1: 3866624, raf length: 3866624, file length: 3866624 
11 May 2026 06:20:01,956 DEBUG org.apache.pdfbox.io.ScratchFile.enlarge(ScratchFile.java:250) file: /tmp/PDFBox11954424627635544574.tmp 
11 May 2026 06:20:01,956 DEBUG org.apache.pdfbox.io.ScratchFile.enlarge(ScratchFile.java:251) fileLen before: 3866624, raf length: 3866624, file length: 3866624 
11 May 2026 06:20:01,956 DEBUG org.apache.pdfbox.io.ScratchFile.enlarge(ScratchFile.java:259) fileLen after1: 3932160, raf length: 3932160, file length: 3932160 
11 May 2026 06:20:02,001 DEBUG org.apache.pdfbox.io.ScratchFile.enlarge(ScratchFile.java:250) file: /tmp/PDFBox11954424627635544574.tmp 
11 May 2026 06:20:02,001 DEBUG org.apache.pdfbox.io.ScratchFile.enlarge(ScratchFile.java:251) fileLen before: 3932160, raf length: 3932160, file length: 3932160 
11 May 2026 06:20:02,001 DEBUG org.apache.pdfbox.io.ScratchFile.enlarge(ScratchFile.java:259) fileLen after1: 3997696, raf length: 3997696, file length: 3997696 
11 May 2026 06:20:02,001 DEBUG org.apache.pdfbox.io.ScratchFile.enlarge(ScratchFile.java:250) file: /tmp/PDFBox11954424627635544574.tmp 
11 May 2026 06:20:02,001 DEBUG org.apache.pdfbox.io.ScratchFile.enlarge(ScratchFile.java:251) fileLen before: 3997696, raf length: 3997696, file length: 3997696 
11 May 2026 06:20:02,001 DEBUG org.apache.pdfbox.io.ScratchFile.enlarge(ScratchFile.java:259) fileLen after1: 4063232, raf length: 4063232, file length: 4063232 
11 May 2026 06:20:02,050 DEBUG org.apache.pdfbox.io.ScratchFile.enlarge(ScratchFile.java:250) file: /tmp/PDFBox11954424627635544574.tmp 
11 May 2026 06:20:02,050 DEBUG org.apache.pdfbox.io.ScratchFile.enlarge(ScratchFile.java:251) fileLen before: 4063232, raf length: 4063232, file length: 4063232 
11 May 2026 06:20:02,050 DEBUG org.apache.pdfbox.io.ScratchFile.enlarge(ScratchFile.java:259) fileLen after1: 4128768, raf length: 4128768, file length: 4128768 
]]></system-out>
    <system-err><![CDATA[May 11, 2026 6:19:59 AM org.odftoolkit.odfdom.pkg.OdfXMLFactory newOdfAttribute
INFO: None-ODF attribute created for loext:contextual-spacing
May 11, 2026 6:19:59 AM org.odftoolkit.odfdom.pkg.OdfXMLFactory newOdfAttribute
INFO: None-ODF attribute created for loext:contextual-spacing
May 11, 2026 6:19:59 AM org.odftoolkit.odfdom.pkg.OdfXMLFactory newOdfAttribute
INFO: None-ODF attribute created for loext:contextual-spacing
May 11, 2026 6:19:59 AM org.odftoolkit.odfdom.pkg.OdfXMLFactory newOdfAttribute
INFO: None-ODF attribute created for loext:contextual-spacing
May 11, 2026 6:19:59 AM org.odftoolkit.odfdom.pkg.OdfXMLFactory newOdfAttribute
INFO: None-ODF attribute created for loext:contextual-spacing
May 11, 2026 6:19:59 AM org.odftoolkit.odfdom.pkg.OdfXMLFactory newOdfAttribute
INFO: None-ODF attribute created for loext:contextual-spacing
May 11, 2026 6:19:59 AM org.odftoolkit.odfdom.pkg.OdfXMLFactory newOdfAttribute
INFO: None-ODF attribute created for loext:contextual-spacing
May 11, 2026 6:19:59 AM org.odftoolkit.odfdom.pkg.OdfXMLFactory newOdfAttribute
INFO: None-ODF attribute created for loext:contextual-spacing
May 11, 2026 6:19:59 AM org.odftoolkit.odfdom.pkg.OdfXMLFactory newOdfAttribute
INFO: None-ODF attribute created for officeooo:rsid
May 11, 2026 6:19:59 AM org.odftoolkit.odfdom.pkg.OdfXMLFactory newOdfAttribute
INFO: None-ODF attribute created for officeooo:paragraph-rsid
]]></system-err>
  </testcase>
  <testcase name="extractContentPdf" classname="com.sismics.docs.core.util.TestFileUtil" time="0.058">
    <system-out><![CDATA[11 May 2026 06:20:02,072 DEBUG org.apache.fontbox.ttf.PostScriptTable.read(PostScriptTable.java:170) No PostScript name information is provided for the font DGCDAO+ArialUnicodeMS 
11 May 2026 06:20:02,073 WARN org.apache.pdfbox.pdmodel.font.PDSimpleFont.toUnicode(PDSimpleFont.java:300) No Unicode mapping for 3 (32) in font DGCDAO+ArialUnicodeMS 
11 May 2026 06:20:02,073 WARN org.apache.pdfbox.pdmodel.font.PDSimpleFont.toUnicode(PDSimpleFont.java:300) No Unicode mapping for 56 (85) in font DGCDAO+ArialUnicodeMS 
11 May 2026 06:20:02,073 WARN org.apache.pdfbox.pdmodel.font.PDSimpleFont.toUnicode(PDSimpleFont.java:300) No Unicode mapping for 81 (110) in font DGCDAO+ArialUnicodeMS 
11 May 2026 06:20:02,073 WARN org.apache.pdfbox.pdmodel.font.PDSimpleFont.toUnicode(PDSimpleFont.java:300) No Unicode mapping for 76 (105) in font DGCDAO+ArialUnicodeMS 
11 May 2026 06:20:02,073 WARN org.apache.pdfbox.pdmodel.font.PDSimpleFont.toUnicode(PDSimpleFont.java:300) No Unicode mapping for 89 (118) in font DGCDAO+ArialUnicodeMS 
11 May 2026 06:20:02,073 WARN org.apache.pdfbox.pdmodel.font.PDSimpleFont.toUnicode(PDSimpleFont.java:300) No Unicode mapping for 72 (101) in font DGCDAO+ArialUnicodeMS 
11 May 2026 06:20:02,073 WARN org.apache.pdfbox.pdmodel.font.PDSimpleFont.toUnicode(PDSimpleFont.java:300) No Unicode mapping for 85 (114) in font DGCDAO+ArialUnicodeMS 
11 May 2026 06:20:02,073 WARN org.apache.pdfbox.pdmodel.font.PDSimpleFont.toUnicode(PDSimpleFont.java:300) No Unicode mapping for 86 (115) in font DGCDAO+ArialUnicodeMS 
11 May 2026 06:20:02,073 WARN org.apache.pdfbox.pdmodel.font.PDSimpleFont.toUnicode(PDSimpleFont.java:300) No Unicode mapping for 68 (97) in font DGCDAO+ArialUnicodeMS 
11 May 2026 06:20:02,073 WARN org.apache.pdfbox.pdmodel.font.PDSimpleFont.toUnicode(PDSimpleFont.java:300) No Unicode mapping for 79 (108) in font DGCDAO+ArialUnicodeMS 
11 May 2026 06:20:02,073 WARN org.apache.pdfbox.pdmodel.font.PDSimpleFont.toUnicode(PDSimpleFont.java:300) No Unicode mapping for 39 (68) in font DGCDAO+ArialUnicodeMS 
11 May 2026 06:20:02,073 WARN org.apache.pdfbox.pdmodel.font.PDSimpleFont.toUnicode(PDSimpleFont.java:300) No Unicode mapping for 70 (99) in font DGCDAO+ArialUnicodeMS 
11 May 2026 06:20:02,073 WARN org.apache.pdfbox.pdmodel.font.PDSimpleFont.toUnicode(PDSimpleFont.java:300) No Unicode mapping for 87 (116) in font DGCDAO+ArialUnicodeMS 
11 May 2026 06:20:02,073 WARN org.apache.pdfbox.pdmodel.font.PDSimpleFont.toUnicode(PDSimpleFont.java:300) No Unicode mapping for 82 (111) in font DGCDAO+ArialUnicodeMS 
11 May 2026 06:20:02,074 WARN org.apache.pdfbox.pdmodel.font.PDSimpleFont.toUnicode(PDSimpleFont.java:300) No Unicode mapping for 73 (102) in font DGCDAO+ArialUnicodeMS 
11 May 2026 06:20:02,074 WARN org.apache.pdfbox.pdmodel.font.PDSimpleFont.toUnicode(PDSimpleFont.java:300) No Unicode mapping for 43 (72) in font DGCDAO+ArialUnicodeMS 
11 May 2026 06:20:02,074 WARN org.apache.pdfbox.pdmodel.font.PDSimpleFont.toUnicode(PDSimpleFont.java:300) No Unicode mapping for 88 (117) in font DGCDAO+ArialUnicodeMS 
11 May 2026 06:20:02,074 WARN org.apache.pdfbox.pdmodel.font.PDSimpleFont.toUnicode(PDSimpleFont.java:300) No Unicode mapping for 80 (109) in font DGCDAO+ArialUnicodeMS 
11 May 2026 06:20:02,074 WARN org.apache.pdfbox.pdmodel.font.PDSimpleFont.toUnicode(PDSimpleFont.java:300) No Unicode mapping for 53 (82) in font DGCDAO+ArialUnicodeMS 
11 May 2026 06:20:02,074 WARN org.apache.pdfbox.pdmodel.font.PDSimpleFont.toUnicode(PDSimpleFont.java:300) No Unicode mapping for 74 (103) in font DGCDAO+ArialUnicodeMS 
11 May 2026 06:20:02,074 WARN org.apache.pdfbox.pdmodel.font.PDSimpleFont.toUnicode(PDSimpleFont.java:300) No Unicode mapping for 75 (104) in font DGCDAO+ArialUnicodeMS 
11 May 2026 06:20:02,074 WARN org.apache.pdfbox.pdmodel.font.PDSimpleFont.toUnicode(PDSimpleFont.java:300) No Unicode mapping for 51 (80) in font DGCDAO+ArialUnicodeMS 
11 May 2026 06:20:02,074 WARN org.apache.pdfbox.pdmodel.font.PDSimpleFont.toUnicode(PDSimpleFont.java:300) No Unicode mapping for 69 (98) in font DGCDAO+ArialUnicodeMS 
11 May 2026 06:20:02,074 WARN org.apache.pdfbox.pdmodel.font.PDSimpleFont.toUnicode(PDSimpleFont.java:300) No Unicode mapping for 58 (87) in font DGCDAO+ArialUnicodeMS 
11 May 2026 06:20:02,075 WARN org.apache.pdfbox.pdmodel.font.PDSimpleFont.toUnicode(PDSimpleFont.java:300) No Unicode mapping for 71 (100) in font DGCDAO+ArialUnicodeMS 
11 May 2026 06:20:02,075 WARN org.apache.pdfbox.pdmodel.font.PDSimpleFont.toUnicode(PDSimpleFont.java:300) No Unicode mapping for 92 (121) in font DGCDAO+ArialUnicodeMS 
11 May 2026 06:20:02,075 WARN org.apache.pdfbox.pdmodel.font.PDSimpleFont.toUnicode(PDSimpleFont.java:300) No Unicode mapping for 84 (113) in font DGCDAO+ArialUnicodeMS 
11 May 2026 06:20:02,076 WARN org.apache.pdfbox.pdmodel.font.PDSimpleFont.toUnicode(PDSimpleFont.java:300) No Unicode mapping for 15 (44) in font DGCDAO+ArialUnicodeMS 
11 May 2026 06:20:02,076 WARN org.apache.pdfbox.pdmodel.font.PDSimpleFont.toUnicode(PDSimpleFont.java:300) No Unicode mapping for 77 (106) in font DGCDAO+ArialUnicodeMS 
11 May 2026 06:20:02,076 WARN org.apache.pdfbox.pdmodel.font.PDSimpleFont.toUnicode(PDSimpleFont.java:300) No Unicode mapping for 83 (112) in font DGCDAO+ArialUnicodeMS 
11 May 2026 06:20:02,076 WARN org.apache.pdfbox.pdmodel.font.PDSimpleFont.toUnicode(PDSimpleFont.java:300) No Unicode mapping for 90 (119) in font DGCDAO+ArialUnicodeMS 
11 May 2026 06:20:02,077 WARN org.apache.pdfbox.pdmodel.font.PDSimpleFont.toUnicode(PDSimpleFont.java:300) No Unicode mapping for 78 (107) in font DGCDAO+ArialUnicodeMS 
11 May 2026 06:20:02,081 WARN org.apache.pdfbox.pdmodel.font.PDSimpleFont.toUnicode(PDSimpleFont.java:300) No Unicode mapping for 49 (78) in font DGCDAO+ArialUnicodeMS 
11 May 2026 06:20:02,081 WARN org.apache.pdfbox.pdmodel.font.PDSimpleFont.toUnicode(PDSimpleFont.java:300) No Unicode mapping for 38 (67) in font DGCDAO+ArialUnicodeMS 
11 May 2026 06:20:02,083 WARN org.apache.pdfbox.pdmodel.font.PDSimpleFont.toUnicode(PDSimpleFont.java:300) No Unicode mapping for 48 (77) in font DGCDAO+ArialUnicodeMS 
11 May 2026 06:20:02,083 WARN org.apache.pdfbox.pdmodel.font.PDSimpleFont.toUnicode(PDSimpleFont.java:300) No Unicode mapping for 54 (83) in font DGCDAO+ArialUnicodeMS 
11 May 2026 06:20:02,084 WARN org.apache.pdfbox.pdmodel.font.PDSimpleFont.toUnicode(PDSimpleFont.java:300) No Unicode mapping for 93 (122) in font DGCDAO+ArialUnicodeMS 
11 May 2026 06:20:02,084 WARN org.apache.pdfbox.pdmodel.font.PDSimpleFont.toUnicode(PDSimpleFont.java:300) No Unicode mapping for 55 (84) in font DGCDAO+ArialUnicodeMS 
11 May 2026 06:20:02,085 WARN org.apache.pdfbox.pdmodel.font.PDSimpleFont.toUnicode(PDSimpleFont.java:300) No Unicode mapping for 42 (71) in font DGCDAO+ArialUnicodeMS 
11 May 2026 06:20:02,085 WARN org.apache.pdfbox.pdmodel.font.PDSimpleFont.toUnicode(PDSimpleFont.java:300) No Unicode mapping for 36 (65) in font DGCDAO+ArialUnicodeMS 
11 May 2026 06:20:02,089 WARN org.apache.pdfbox.pdmodel.font.PDSimpleFont.toUnicode(PDSimpleFont.java:300) No Unicode mapping for 17 (46) in font DGCDAO+ArialUnicodeMS 
11 May 2026 06:20:02,089 WARN org.apache.pdfbox.pdmodel.font.PDSimpleFont.toUnicode(PDSimpleFont.java:300) No Unicode mapping for 44 (73) in font DGCDAO+ArialUnicodeMS 
11 May 2026 06:20:02,090 WARN org.apache.pdfbox.pdmodel.font.PDSimpleFont.toUnicode(PDSimpleFont.java:300) No Unicode mapping for 21 (50) in font DGCDAO+ArialUnicodeMS 
11 May 2026 06:20:02,090 WARN org.apache.pdfbox.pdmodel.font.PDSimpleFont.toUnicode(PDSimpleFont.java:300) No Unicode mapping for 40 (69) in font DGCDAO+ArialUnicodeMS 
11 May 2026 06:20:02,090 WARN org.apache.pdfbox.pdmodel.font.PDSimpleFont.toUnicode(PDSimpleFont.java:300) No Unicode mapping for 91 (120) in font DGCDAO+ArialUnicodeMS 
11 May 2026 06:20:02,091 WARN org.apache.pdfbox.pdmodel.font.PDSimpleFont.toUnicode(PDSimpleFont.java:300) No Unicode mapping for 41 (70) in font DGCDAO+ArialUnicodeMS 
11 May 2026 06:20:02,092 WARN org.apache.pdfbox.pdmodel.font.PDSimpleFont.toUnicode(PDSimpleFont.java:300) No Unicode mapping for 16 (45) in font DGCDAO+ArialUnicodeMS 
11 May 2026 06:20:02,092 WARN org.apache.pdfbox.pdmodel.font.PDSimpleFont.toUnicode(PDSimpleFont.java:300) No Unicode mapping for 22 (51) in font DGCDAO+ArialUnicodeMS 
11 May 2026 06:20:02,092 WARN org.apache.pdfbox.pdmodel.font.PDSimpleFont.toUnicode(PDSimpleFont.java:300) No Unicode mapping for 23 (52) in font DGCDAO+ArialUnicodeMS 
11 May 2026 06:20:02,093 WARN org.apache.pdfbox.pdmodel.font.PDSimpleFont.toUnicode(PDSimpleFont.java:300) No Unicode mapping for 30 (59) in font DGCDAO+ArialUnicodeMS 
11 May 2026 06:20:02,093 WARN org.apache.pdfbox.pdmodel.font.PDSimpleFont.toUnicode(PDSimpleFont.java:300) No Unicode mapping for 24 (53) in font DGCDAO+ArialUnicodeMS 
11 May 2026 06:20:02,096 WARN org.apache.pdfbox.pdmodel.font.PDSimpleFont.toUnicode(PDSimpleFont.java:300) No Unicode mapping for 25 (54) in font DGCDAO+ArialUnicodeMS 
11 May 2026 06:20:02,096 WARN org.apache.pdfbox.pdmodel.font.PDSimpleFont.toUnicode(PDSimpleFont.java:300) No Unicode mapping for 26 (55) in font DGCDAO+ArialUnicodeMS 
11 May 2026 06:20:02,097 WARN org.apache.pdfbox.pdmodel.font.PDSimpleFont.toUnicode(PDSimpleFont.java:300) No Unicode mapping for 27 (56) in font DGCDAO+ArialUnicodeMS 
11 May 2026 06:20:02,097 WARN org.apache.pdfbox.pdmodel.font.PDSimpleFont.toUnicode(PDSimpleFont.java:300) No Unicode mapping for 28 (57) in font DGCDAO+ArialUnicodeMS 
11 May 2026 06:20:02,097 WARN org.apache.pdfbox.pdmodel.font.PDSimpleFont.toUnicode(PDSimpleFont.java:300) No Unicode mapping for 20 (49) in font DGCDAO+ArialUnicodeMS 
11 May 2026 06:20:02,097 WARN org.apache.pdfbox.pdmodel.font.PDSimpleFont.toUnicode(PDSimpleFont.java:300) No Unicode mapping for 19 (48) in font DGCDAO+ArialUnicodeMS 
]]></system-out>
  </testcase>
  <testcase name="extractContentScannedPdf" classname="com.sismics.docs.core.util.TestFileUtil" time="9.723">
    <failure type="java.lang.AssertionError"><![CDATA[java.lang.AssertionError
	at org.junit.Assert.fail(Assert.java:87)
	at org.junit.Assert.assertTrue(Assert.java:42)
	at org.junit.Assert.assertTrue(Assert.java:53)
	at com.sismics.docs.core.util.TestFileUtil.extractContentScannedPdf(TestFileUtil.java:75)
	at java.base/jdk.internal.reflect.DirectMethodHandleAccessor.invoke(DirectMethodHandleAccessor.java:103)
	at java.base/java.lang.reflect.Method.invoke(Method.java:580)
	at org.junit.runners.model.FrameworkMethod$1.runReflectiveCall(FrameworkMethod.java:59)
	at org.junit.internal.runners.model.ReflectiveCallable.run(ReflectiveCallable.java:12)
	at org.junit.runners.model.FrameworkMethod.invokeExplosively(FrameworkMethod.java:56)
	at org.junit.internal.runners.statements.InvokeMethod.evaluate(InvokeMethod.java:17)
	at org.junit.runners.ParentRunner$3.evaluate(ParentRunner.java:306)
	at org.junit.runners.BlockJUnit4ClassRunner$1.evaluate(BlockJUnit4ClassRunner.java:100)
	at org.junit.runners.ParentRunner.runLeaf(ParentRunner.java:366)
	at org.junit.runners.BlockJUnit4ClassRunner.runChild(BlockJUnit4ClassRunner.java:103)
	at org.junit.runners.BlockJUnit4ClassRunner.runChild(BlockJUnit4ClassRunner.java:63)
	at org.junit.runners.ParentRunner$4.run(ParentRunner.java:331)
	at org.junit.runners.ParentRunner$1.schedule(ParentRunner.java:79)
	at org.junit.runners.ParentRunner.runChildren(ParentRunner.java:329)
	at org.junit.runners.ParentRunner.access$100(ParentRunner.java:66)
	at org.junit.runners.ParentRunner$2.evaluate(ParentRunner.java:293)
	at org.junit.runners.ParentRunner$3.evaluate(ParentRunner.java:306)
	at org.junit.runners.ParentRunner.run(ParentRunner.java:413)
	at org.apache.maven.surefire.junit4.JUnit4Provider.execute(JUnit4Provider.java:316)
	at org.apache.maven.surefire.junit4.JUnit4Provider.executeWithRerun(JUnit4Provider.java:240)
	at org.apache.maven.surefire.junit4.JUnit4Provider.executeTestSet(JUnit4Provider.java:214)
	at org.apache.maven.surefire.junit4.JUnit4Provider.invoke(JUnit4Provider.java:155)
	at org.apache.maven.surefire.booter.ForkedBooter.runSuitesInProcess(ForkedBooter.java:385)
	at org.apache.maven.surefire.booter.ForkedBooter.execute(ForkedBooter.java:162)
	at org.apache.maven.surefire.booter.ForkedBooter.run(ForkedBooter.java:507)
	at org.apache.maven.surefire.booter.ForkedBooter.main(ForkedBooter.java:495)
]]></failure>
    <system-out><![CDATA[11 May 2026 06:20:02,129 INFO com.sismics.docs.core.util.format.PdfFormatHandler.extractContent(PdfFormatHandler.java:64) OCR page 1/3 of PDF file containing only images 
11 May 2026 06:20:11,838 ERROR com.sismics.docs.core.util.format.PdfFormatHandler.extractContent(PdfFormatHandler.java:70) Error while OCR-izing the PDF 
java.io.IOException: Cannot run program "tesseract": Exec failed, error: 2 (No such file or directory) 
	at java.base/java.lang.ProcessBuilder.start(ProcessBuilder.java:1170)
	at java.base/java.lang.ProcessBuilder.start(ProcessBuilder.java:1089)
	at com.sismics.docs.core.util.FileUtil.ocrFile(FileUtil.java:74)
	at com.sismics.docs.core.util.format.PdfFormatHandler.extractContent(PdfFormatHandler.java:66)
	at com.sismics.docs.core.util.TestFileUtil.extractContentScannedPdf(TestFileUtil.java:74)
	at java.base/jdk.internal.reflect.DirectMethodHandleAccessor.invoke(DirectMethodHandleAccessor.java:103)
	at java.base/java.lang.reflect.Method.invoke(Method.java:580)
	at org.junit.runners.model.FrameworkMethod$1.runReflectiveCall(FrameworkMethod.java:59)
	at org.junit.internal.runners.model.ReflectiveCallable.run(ReflectiveCallable.java:12)
	at org.junit.runners.model.FrameworkMethod.invokeExplosively(FrameworkMethod.java:56)
	at org.junit.internal.runners.statements.InvokeMethod.evaluate(InvokeMethod.java:17)
	at org.junit.runners.ParentRunner$3.evaluate(ParentRunner.java:306)
	at org.junit.runners.BlockJUnit4ClassRunner$1.evaluate(BlockJUnit4ClassRunner.java:100)
	at org.junit.runners.ParentRunner.runLeaf(ParentRunner.java:366)
	at org.junit.runners.BlockJUnit4ClassRunner.runChild(BlockJUnit4ClassRunner.java:103)
	at org.junit.runners.BlockJUnit4ClassRunner.runChild(BlockJUnit4ClassRunner.java:63)
	at org.junit.runners.ParentRunner$4.run(ParentRunner.java:331)
	at org.junit.runners.ParentRunner$1.schedule(ParentRunner.java:79)
	at org.junit.runners.ParentRunner.runChildren(ParentRunner.java:329)
	at org.junit.runners.ParentRunner.access$100(ParentRunner.java:66)
	at org.junit.runners.ParentRunner$2.evaluate(ParentRunner.java:293)
	at org.junit.runners.ParentRunner$3.evaluate(ParentRunner.java:306)
	at org.junit.runners.ParentRunner.run(ParentRunner.java:413)
	at org.apache.maven.surefire.junit4.JUnit4Provider.execute(JUnit4Provider.java:316)
	at org.apache.maven.surefire.junit4.JUnit4Provider.executeWithRerun(JUnit4Provider.java:240)
	at org.apache.maven.surefire.junit4.JUnit4Provider.executeTestSet(JUnit4Provider.java:214)
	at org.apache.maven.surefire.junit4.JUnit4Provider.invoke(JUnit4Provider.java:155)
	at org.apache.maven.surefire.booter.ForkedBooter.runSuitesInProcess(ForkedBooter.java:385)
	at org.apache.maven.surefire.booter.ForkedBooter.execute(ForkedBooter.java:162)
	at org.apache.maven.surefire.booter.ForkedBooter.run(ForkedBooter.java:507)
	at org.apache.maven.surefire.booter.ForkedBooter.main(ForkedBooter.java:495)
Caused by: java.io.IOException: Exec failed, error: 2 (No such file or directory) 
	at java.base/java.lang.ProcessImpl.forkAndExec(Native Method)
	at java.base/java.lang.ProcessImpl.<init>(ProcessImpl.java:295)
	at java.base/java.lang.ProcessImpl.start(ProcessImpl.java:225)
	at java.base/java.lang.ProcessBuilder.start(ProcessBuilder.java:1126)
	... 30 more
]]></system-out>
  </testcase>
</testsuite>